

***********************************************************************
Fatal NI connect error 12203, connecting to:
 (DESCRIPTION=(ADDRESS_LIST=(ADDRESS=(PROTOCOL=BEQ)(PROGRAM=oracle80)(ARGV0=oracle80ORCL)(ARGS='(DESCRIPTION=(LOCAL=YES)(ADDRESS=(PROTOCOL=beq)))')))(CONNECT_DATA=(SID=ORCL)(CID=(PROGRAM=C:\orant\BIN\ifrun60.EXE)(HOST=EYESOFABYSS)(USER=skien))))

  VERSION INFORMATION:
	TNS for 32-bit Windows: Version 8.0.6.3.0 - Production
	Oracle Bequeath NT Protocol Adapter for 32-bit Windows: Version 8.0.6.3.0 - Production
  Time: 11-JUL-2024 17:03:00
  Tracing not turned on.
  Tns error struct:
    nr err code: 12203
    TNS-12203: TNS:não é possível estabelecer conexão com o destino
    ns main err code: 12560
    TNS-12560: TNS:erro do adaptador de protocolo
    ns secondary err code: 0
    nt main err code: 530
    TNS-00530: Erro do adaptador de protocolo
    nt secondary err code: 0
    nt OS err code: 0


***********************************************************************
Fatal NI connect error 12203, connecting to:
 (DESCRIPTION=(ADDRESS_LIST=(ADDRESS=(PROTOCOL=BEQ)(PROGRAM=oracle80)(ARGV0=oracle80ORCL)(ARGS='(DESCRIPTION=(LOCAL=YES)(ADDRESS=(PROTOCOL=beq)))')))(CONNECT_DATA=(SID=ORCL)(CID=(PROGRAM=C:\orant\BIN\ifrun60.EXE)(HOST=EYESOFABYSS)(USER=skien))))

  VERSION INFORMATION:
	TNS for 32-bit Windows: Version 8.0.6.3.0 - Production
	Oracle Bequeath NT Protocol Adapter for 32-bit Windows: Version 8.0.6.3.0 - Production
  Time: 11-JUL-2024 17:03:00
  Tracing not turned on.
  Tns error struct:
    nr err code: 12203
    TNS-12203: TNS:não é possível estabelecer conexão com o destino
    ns main err code: 12560
    TNS-12560: TNS:erro do adaptador de protocolo
    ns secondary err code: 0
    nt main err code: 530
    TNS-00530: Erro do adaptador de protocolo
    nt secondary err code: 0
    nt OS err code: 0


***********************************************************************
Fatal NI connect error 12203, connecting to:
 (DESCRIPTION=(ADDRESS_LIST=(ADDRESS=(PROTOCOL=BEQ)(PROGRAM=oracle80)(ARGV0=oracle80ORCL)(ARGS='(DESCRIPTION=(LOCAL=YES)(ADDRESS=(PROTOCOL=beq)))')))(CONNECT_DATA=(SID=ORCL)(CID=(PROGRAM=C:\orant\BIN\ifrun60.EXE)(HOST=EYESOFABYSS)(USER=skien))))

  VERSION INFORMATION:
	TNS for 32-bit Windows: Version 8.0.6.3.0 - Production
	Oracle Bequeath NT Protocol Adapter for 32-bit Windows: Version 8.0.6.3.0 - Production
  Time: 11-JUL-2024 17:03:00
  Tracing not turned on.
  Tns error struct:
    nr err code: 12203
    TNS-12203: TNS:não é possível estabelecer conexão com o destino
    ns main err code: 12560
    TNS-12560: TNS:erro do adaptador de protocolo
    ns secondary err code: 0
    nt main err code: 530
    TNS-00530: Erro do adaptador de protocolo
    nt secondary err code: 0
    nt OS err code: 0


***********************************************************************
Fatal NI connect error 12203, connecting to:
 (DESCRIPTION=(ADDRESS_LIST=(ADDRESS=(PROTOCOL=BEQ)(PROGRAM=oracle80)(ARGV0=oracle80ORCL)(ARGS='(DESCRIPTION=(LOCAL=YES)(ADDRESS=(PROTOCOL=beq)))')))(CONNECT_DATA=(SID=ORCL)(CID=(PROGRAM=C:\orant\BIN\ifrun60.EXE)(HOST=EYESOFABYSS)(USER=skien))))

  VERSION INFORMATION:
	TNS for 32-bit Windows: Version 8.0.6.3.0 - Production
	Oracle Bequeath NT Protocol Adapter for 32-bit Windows: Version 8.0.6.3.0 - Production
  Time: 11-JUL-2024 17:03:00
  Tracing not turned on.
  Tns error struct:
    nr err code: 12203
    TNS-12203: TNS:não é possível estabelecer conexão com o destino
    ns main err code: 12560
    TNS-12560: TNS:erro do adaptador de protocolo
    ns secondary err code: 0
    nt main err code: 530
    TNS-00530: Erro do adaptador de protocolo
    nt secondary err code: 0
    nt OS err code: 0


***********************************************************************
Fatal NI connect error 12203, connecting to:
 (DESCRIPTION=(ADDRESS_LIST=(ADDRESS=(PROTOCOL=BEQ)(PROGRAM=oracle80)(ARGV0=oracle80ORCL)(ARGS='(DESCRIPTION=(LOCAL=YES)(ADDRESS=(PROTOCOL=beq)))')))(CONNECT_DATA=(SID=ORCL)(CID=(PROGRAM=C:\orant\BIN\ifrun60.EXE)(HOST=EYESOFABYSS)(USER=skien))))

  VERSION INFORMATION:
	TNS for 32-bit Windows: Version 8.0.6.3.0 - Production
	Oracle Bequeath NT Protocol Adapter for 32-bit Windows: Version 8.0.6.3.0 - Production
  Time: 11-JUL-2024 17:03:00
  Tracing not turned on.
  Tns error struct:
    nr err code: 12203
    TNS-12203: TNS:não é possível estabelecer conexão com o destino
    ns main err code: 12560
    TNS-12560: TNS:erro do adaptador de protocolo
    ns secondary err code: 0
    nt main err code: 530
    TNS-00530: Erro do adaptador de protocolo
    nt secondary err code: 0
    nt OS err code: 0


***********************************************************************
Fatal NI connect error 12203, connecting to:
 (DESCRIPTION=(ADDRESS_LIST=(ADDRESS=(PROTOCOL=BEQ)(PROGRAM=oracle80)(ARGV0=oracle80ORCL)(ARGS='(DESCRIPTION=(LOCAL=YES)(ADDRESS=(PROTOCOL=beq)))')))(CONNECT_DATA=(SID=ORCL)(CID=(PROGRAM=C:\orant\BIN\ifrun60.EXE)(HOST=EYESOFABYSS)(USER=skien))))

  VERSION INFORMATION:
	TNS for 32-bit Windows: Version 8.0.6.3.0 - Production
	Oracle Bequeath NT Protocol Adapter for 32-bit Windows: Version 8.0.6.3.0 - Production
  Time: 11-JUL-2024 17:03:00
  Tracing not turned on.
  Tns error struct:
    nr err code: 12203
    TNS-12203: TNS:não é possível estabelecer conexão com o destino
    ns main err code: 12560
    TNS-12560: TNS:erro do adaptador de protocolo
    ns secondary err code: 0
    nt main err code: 530
    TNS-00530: Erro do adaptador de protocolo
    nt secondary err code: 0
    nt OS err code: 0


***********************************************************************
Fatal NI connect error 12203, connecting to:
 (DESCRIPTION=(ADDRESS_LIST=(ADDRESS=(PROTOCOL=BEQ)(PROGRAM=oracle80)(ARGV0=oracle80ORCL)(ARGS='(DESCRIPTION=(LOCAL=YES)(ADDRESS=(PROTOCOL=beq)))')))(CONNECT_DATA=(SID=ORCL)(CID=(PROGRAM=C:\orant\BIN\ifrun60.EXE)(HOST=EYESOFABYSS)(USER=skien))))

  VERSION INFORMATION:
	TNS for 32-bit Windows: Version 8.0.6.3.0 - Production
	Oracle Bequeath NT Protocol Adapter for 32-bit Windows: Version 8.0.6.3.0 - Production
  Time: 11-JUL-2024 17:03:01
  Tracing not turned on.
  Tns error struct:
    nr err code: 12203
    TNS-12203: TNS:não é possível estabelecer conexão com o destino
    ns main err code: 12560
    TNS-12560: TNS:erro do adaptador de protocolo
    ns secondary err code: 0
    nt main err code: 530
    TNS-00530: Erro do adaptador de protocolo
    nt secondary err code: 0
    nt OS err code: 0


***********************************************************************
Fatal NI connect error 12203, connecting to:
 (DESCRIPTION=(ADDRESS_LIST=(ADDRESS=(PROTOCOL=BEQ)(PROGRAM=oracle80)(ARGV0=oracle80ORCL)(ARGS='(DESCRIPTION=(LOCAL=YES)(ADDRESS=(PROTOCOL=beq)))')))(CONNECT_DATA=(SID=ORCL)(CID=(PROGRAM=C:\orant\BIN\ifrun60.EXE)(HOST=EYESOFABYSS)(USER=skien))))

  VERSION INFORMATION:
	TNS for 32-bit Windows: Version 8.0.6.3.0 - Production
	Oracle Bequeath NT Protocol Adapter for 32-bit Windows: Version 8.0.6.3.0 - Production
  Time: 11-JUL-2024 17:03:01
  Tracing not turned on.
  Tns error struct:
    nr err code: 12203
    TNS-12203: TNS:não é possível estabelecer conexão com o destino
    ns main err code: 12560
    TNS-12560: TNS:erro do adaptador de protocolo
    ns secondary err code: 0
    nt main err code: 530
    TNS-00530: Erro do adaptador de protocolo
    nt secondary err code: 0
    nt OS err code: 0


***********************************************************************
Fatal NI connect error 12203, connecting to:
 (DESCRIPTION=(ADDRESS_LIST=(ADDRESS=(PROTOCOL=BEQ)(PROGRAM=oracle80)(ARGV0=oracle80ORCL)(ARGS='(DESCRIPTION=(LOCAL=YES)(ADDRESS=(PROTOCOL=beq)))')))(CONNECT_DATA=(SID=ORCL)(CID=(PROGRAM=C:\orant\BIN\ifrun60.EXE)(HOST=EYESOFABYSS)(USER=skien))))

  VERSION INFORMATION:
	TNS for 32-bit Windows: Version 8.0.6.3.0 - Production
	Oracle Bequeath NT Protocol Adapter for 32-bit Windows: Version 8.0.6.3.0 - Production
  Time: 11-JUL-2024 17:03:01
  Tracing not turned on.
  Tns error struct:
    nr err code: 12203
    TNS-12203: TNS:não é possível estabelecer conexão com o destino
    ns main err code: 12560
    TNS-12560: TNS:erro do adaptador de protocolo
    ns secondary err code: 0
    nt main err code: 530
    TNS-00530: Erro do adaptador de protocolo
    nt secondary err code: 0
    nt OS err code: 0


***********************************************************************
Fatal NI connect error 12203, connecting to:
 (DESCRIPTION=(ADDRESS_LIST=(ADDRESS=(PROTOCOL=BEQ)(PROGRAM=oracle80)(ARGV0=oracle80ORCL)(ARGS='(DESCRIPTION=(LOCAL=YES)(ADDRESS=(PROTOCOL=beq)))')))(CONNECT_DATA=(SID=ORCL)(CID=(PROGRAM=C:\orant\BIN\ifrun60.EXE)(HOST=EYESOFABYSS)(USER=skien))))

  VERSION INFORMATION:
	TNS for 32-bit Windows: Version 8.0.6.3.0 - Production
	Oracle Bequeath NT Protocol Adapter for 32-bit Windows: Version 8.0.6.3.0 - Production
  Time: 11-JUL-2024 17:03:01
  Tracing not turned on.
  Tns error struct:
    nr err code: 12203
    TNS-12203: TNS:não é possível estabelecer conexão com o destino
    ns main err code: 12560
    TNS-12560: TNS:erro do adaptador de protocolo
    ns secondary err code: 0
    nt main err code: 530
    TNS-00530: Erro do adaptador de protocolo
    nt secondary err code: 0
    nt OS err code: 0


***********************************************************************
Fatal NI connect error 12203, connecting to:
 (DESCRIPTION=(ADDRESS_LIST=(ADDRESS=(PROTOCOL=BEQ)(PROGRAM=oracle80)(ARGV0=oracle80ORCL)(ARGS='(DESCRIPTION=(LOCAL=YES)(ADDRESS=(PROTOCOL=beq)))')))(CONNECT_DATA=(SID=ORCL)(CID=(PROGRAM=C:\orant\BIN\ifrun60.EXE)(HOST=EYESOFABYSS)(USER=skien))))

  VERSION INFORMATION:
	TNS for 32-bit Windows: Version 8.0.6.3.0 - Production
	Oracle Bequeath NT Protocol Adapter for 32-bit Windows: Version 8.0.6.3.0 - Production
  Time: 11-JUL-2024 17:03:01
  Tracing not turned on.
  Tns error struct:
    nr err code: 12203
    TNS-12203: TNS:não é possível estabelecer conexão com o destino
    ns main err code: 12560
    TNS-12560: TNS:erro do adaptador de protocolo
    ns secondary err code: 0
    nt main err code: 530
    TNS-00530: Erro do adaptador de protocolo
    nt secondary err code: 0
    nt OS err code: 0


***********************************************************************
Fatal NI connect error 12203, connecting to:
 (DESCRIPTION=(ADDRESS_LIST=(ADDRESS=(PROTOCOL=BEQ)(PROGRAM=oracle80)(ARGV0=oracle80ORCL)(ARGS='(DESCRIPTION=(LOCAL=YES)(ADDRESS=(PROTOCOL=beq)))')))(CONNECT_DATA=(SID=ORCL)(CID=(PROGRAM=C:\orant\BIN\ifrun60.EXE)(HOST=EYESOFABYSS)(USER=skien))))

  VERSION INFORMATION:
	TNS for 32-bit Windows: Version 8.0.6.3.0 - Production
	Oracle Bequeath NT Protocol Adapter for 32-bit Windows: Version 8.0.6.3.0 - Production
  Time: 11-JUL-2024 17:03:01
  Tracing not turned on.
  Tns error struct:
    nr err code: 12203
    TNS-12203: TNS:não é possível estabelecer conexão com o destino
    ns main err code: 12560
    TNS-12560: TNS:erro do adaptador de protocolo
    ns secondary err code: 0
    nt main err code: 530
    TNS-00530: Erro do adaptador de protocolo
    nt secondary err code: 0
    nt OS err code: 0


***********************************************************************
Fatal NI connect error 12203, connecting to:
 (DESCRIPTION=(ADDRESS_LIST=(ADDRESS=(PROTOCOL=BEQ)(PROGRAM=oracle80)(ARGV0=oracle80ORCL)(ARGS='(DESCRIPTION=(LOCAL=YES)(ADDRESS=(PROTOCOL=beq)))')))(CONNECT_DATA=(SID=ORCL)(CID=(PROGRAM=C:\orant\BIN\ifrun60.EXE)(HOST=EYESOFABYSS)(USER=skien))))

  VERSION INFORMATION:
	TNS for 32-bit Windows: Version 8.0.6.3.0 - Production
	Oracle Bequeath NT Protocol Adapter for 32-bit Windows: Version 8.0.6.3.0 - Production
  Time: 11-JUL-2024 17:03:01
  Tracing not turned on.
  Tns error struct:
    nr err code: 12203
    TNS-12203: TNS:não é possível estabelecer conexão com o destino
    ns main err code: 12560
    TNS-12560: TNS:erro do adaptador de protocolo
    ns secondary err code: 0
    nt main err code: 530
    TNS-00530: Erro do adaptador de protocolo
    nt secondary err code: 0
    nt OS err code: 0


***********************************************************************
Fatal NI connect error 12203, connecting to:
 (DESCRIPTION=(ADDRESS_LIST=(ADDRESS=(PROTOCOL=BEQ)(PROGRAM=oracle80)(ARGV0=oracle80ORCL)(ARGS='(DESCRIPTION=(LOCAL=YES)(ADDRESS=(PROTOCOL=beq)))')))(CONNECT_DATA=(SID=ORCL)(CID=(PROGRAM=C:\orant\BIN\ifrun60.EXE)(HOST=EYESOFABYSS)(USER=skien))))

  VERSION INFORMATION:
	TNS for 32-bit Windows: Version 8.0.6.3.0 - Production
	Oracle Bequeath NT Protocol Adapter for 32-bit Windows: Version 8.0.6.3.0 - Production
  Time: 11-JUL-2024 17:03:01
  Tracing not turned on.
  Tns error struct:
    nr err code: 12203
    TNS-12203: TNS:não é possível estabelecer conexão com o destino
    ns main err code: 12560
    TNS-12560: TNS:erro do adaptador de protocolo
    ns secondary err code: 0
    nt main err code: 530
    TNS-00530: Erro do adaptador de protocolo
    nt secondary err code: 0
    nt OS err code: 0


***********************************************************************
Fatal NI connect error 12203, connecting to:
 (DESCRIPTION=(ADDRESS_LIST=(ADDRESS=(PROTOCOL=BEQ)(PROGRAM=oracle80)(ARGV0=oracle80ORCL)(ARGS='(DESCRIPTION=(LOCAL=YES)(ADDRESS=(PROTOCOL=beq)))')))(CONNECT_DATA=(SID=ORCL)(CID=(PROGRAM=C:\orant\BIN\ifrun60.EXE)(HOST=EYESOFABYSS)(USER=skien))))

  VERSION INFORMATION:
	TNS for 32-bit Windows: Version 8.0.6.3.0 - Production
	Oracle Bequeath NT Protocol Adapter for 32-bit Windows: Version 8.0.6.3.0 - Production
  Time: 11-JUL-2024 20:11:56
  Tracing not turned on.
  Tns error struct:
    nr err code: 12203
    TNS-12203: TNS:não é possível estabelecer conexão com o destino
    ns main err code: 12560
    TNS-12560: TNS:erro do adaptador de protocolo
    ns secondary err code: 0
    nt main err code: 530
    TNS-00530: Erro do adaptador de protocolo
    nt secondary err code: 0
    nt OS err code: 0


***********************************************************************
Fatal NI connect error 12203, connecting to:
 (DESCRIPTION=(ADDRESS_LIST=(ADDRESS=(PROTOCOL=BEQ)(PROGRAM=oracle80)(ARGV0=oracle80ORCL)(ARGS='(DESCRIPTION=(LOCAL=YES)(ADDRESS=(PROTOCOL=beq)))')))(CONNECT_DATA=(SID=ORCL)(CID=(PROGRAM=C:\orant\BIN\ifrun60.EXE)(HOST=EYESOFABYSS)(USER=skien))))

  VERSION INFORMATION:
	TNS for 32-bit Windows: Version 8.0.6.3.0 - Production
	Oracle Bequeath NT Protocol Adapter for 32-bit Windows: Version 8.0.6.3.0 - Production
  Time: 11-JUL-2024 20:11:56
  Tracing not turned on.
  Tns error struct:
    nr err code: 12203
    TNS-12203: TNS:não é possível estabelecer conexão com o destino
    ns main err code: 12560
    TNS-12560: TNS:erro do adaptador de protocolo
    ns secondary err code: 0
    nt main err code: 530
    TNS-00530: Erro do adaptador de protocolo
    nt secondary err code: 0
    nt OS err code: 0


***********************************************************************
Fatal NI connect error 12203, connecting to:
 (DESCRIPTION=(ADDRESS_LIST=(ADDRESS=(PROTOCOL=BEQ)(PROGRAM=oracle80)(ARGV0=oracle80ORCL)(ARGS='(DESCRIPTION=(LOCAL=YES)(ADDRESS=(PROTOCOL=beq)))')))(CONNECT_DATA=(SID=ORCL)(CID=(PROGRAM=C:\orant\BIN\ifrun60.EXE)(HOST=EYESOFABYSS)(USER=skien))))

  VERSION INFORMATION:
	TNS for 32-bit Windows: Version 8.0.6.3.0 - Production
	Oracle Bequeath NT Protocol Adapter for 32-bit Windows: Version 8.0.6.3.0 - Production
  Time: 11-JUL-2024 20:11:56
  Tracing not turned on.
  Tns error struct:
    nr err code: 12203
    TNS-12203: TNS:não é possível estabelecer conexão com o destino
    ns main err code: 12560
    TNS-12560: TNS:erro do adaptador de protocolo
    ns secondary err code: 0
    nt main err code: 530
    TNS-00530: Erro do adaptador de protocolo
    nt secondary err code: 0
    nt OS err code: 0


***********************************************************************
Fatal NI connect error 12203, connecting to:
 (DESCRIPTION=(ADDRESS_LIST=(ADDRESS=(PROTOCOL=BEQ)(PROGRAM=oracle80)(ARGV0=oracle80ORCL)(ARGS='(DESCRIPTION=(LOCAL=YES)(ADDRESS=(PROTOCOL=beq)))')))(CONNECT_DATA=(SID=ORCL)(CID=(PROGRAM=C:\orant\BIN\ifrun60.EXE)(HOST=EYESOFABYSS)(USER=skien))))

  VERSION INFORMATION:
	TNS for 32-bit Windows: Version 8.0.6.3.0 - Production
	Oracle Bequeath NT Protocol Adapter for 32-bit Windows: Version 8.0.6.3.0 - Production
  Time: 11-JUL-2024 20:11:56
  Tracing not turned on.
  Tns error struct:
    nr err code: 12203
    TNS-12203: TNS:não é possível estabelecer conexão com o destino
    ns main err code: 12560
    TNS-12560: TNS:erro do adaptador de protocolo
    ns secondary err code: 0
    nt main err code: 530
    TNS-00530: Erro do adaptador de protocolo
    nt secondary err code: 0
    nt OS err code: 0


***********************************************************************
Fatal NI connect error 12203, connecting to:
 (DESCRIPTION=(ADDRESS_LIST=(ADDRESS=(PROTOCOL=BEQ)(PROGRAM=oracle80)(ARGV0=oracle80ORCL)(ARGS='(DESCRIPTION=(LOCAL=YES)(ADDRESS=(PROTOCOL=beq)))')))(CONNECT_DATA=(SID=ORCL)(CID=(PROGRAM=C:\orant\BIN\ifrun60.EXE)(HOST=EYESOFABYSS)(USER=skien))))

  VERSION INFORMATION:
	TNS for 32-bit Windows: Version 8.0.6.3.0 - Production
	Oracle Bequeath NT Protocol Adapter for 32-bit Windows: Version 8.0.6.3.0 - Production
  Time: 11-JUL-2024 20:11:56
  Tracing not turned on.
  Tns error struct:
    nr err code: 12203
    TNS-12203: TNS:não é possível estabelecer conexão com o destino
    ns main err code: 12560
    TNS-12560: TNS:erro do adaptador de protocolo
    ns secondary err code: 0
    nt main err code: 530
    TNS-00530: Erro do adaptador de protocolo
    nt secondary err code: 0
    nt OS err code: 0


***********************************************************************
Fatal NI connect error 12203, connecting to:
 (DESCRIPTION=(ADDRESS_LIST=(ADDRESS=(PROTOCOL=BEQ)(PROGRAM=oracle80)(ARGV0=oracle80ORCL)(ARGS='(DESCRIPTION=(LOCAL=YES)(ADDRESS=(PROTOCOL=beq)))')))(CONNECT_DATA=(SID=ORCL)(CID=(PROGRAM=C:\orant\BIN\ifrun60.EXE)(HOST=EYESOFABYSS)(USER=skien))))

  VERSION INFORMATION:
	TNS for 32-bit Windows: Version 8.0.6.3.0 - Production
	Oracle Bequeath NT Protocol Adapter for 32-bit Windows: Version 8.0.6.3.0 - Production
  Time: 11-JUL-2024 20:11:56
  Tracing not turned on.
  Tns error struct:
    nr err code: 12203
    TNS-12203: TNS:não é possível estabelecer conexão com o destino
    ns main err code: 12560
    TNS-12560: TNS:erro do adaptador de protocolo
    ns secondary err code: 0
    nt main err code: 530
    TNS-00530: Erro do adaptador de protocolo
    nt secondary err code: 0
    nt OS err code: 0


***********************************************************************
Fatal NI connect error 12203, connecting to:
 (DESCRIPTION=(ADDRESS_LIST=(ADDRESS=(PROTOCOL=BEQ)(PROGRAM=oracle80)(ARGV0=oracle80ORCL)(ARGS='(DESCRIPTION=(LOCAL=YES)(ADDRESS=(PROTOCOL=beq)))')))(CONNECT_DATA=(SID=ORCL)(CID=(PROGRAM=C:\orant\BIN\ifrun60.EXE)(HOST=EYESOFABYSS)(USER=skien))))

  VERSION INFORMATION:
	TNS for 32-bit Windows: Version 8.0.6.3.0 - Production
	Oracle Bequeath NT Protocol Adapter for 32-bit Windows: Version 8.0.6.3.0 - Production
  Time: 11-JUL-2024 20:11:56
  Tracing not turned on.
  Tns error struct:
    nr err code: 12203
    TNS-12203: TNS:não é possível estabelecer conexão com o destino
    ns main err code: 12560
    TNS-12560: TNS:erro do adaptador de protocolo
    ns secondary err code: 0
    nt main err code: 530
    TNS-00530: Erro do adaptador de protocolo
    nt secondary err code: 0
    nt OS err code: 0


***********************************************************************
Fatal NI connect error 12203, connecting to:
 (DESCRIPTION=(ADDRESS_LIST=(ADDRESS=(PROTOCOL=BEQ)(PROGRAM=oracle80)(ARGV0=oracle80ORCL)(ARGS='(DESCRIPTION=(LOCAL=YES)(ADDRESS=(PROTOCOL=beq)))')))(CONNECT_DATA=(SID=ORCL)(CID=(PROGRAM=C:\orant\BIN\ifrun60.EXE)(HOST=EYESOFABYSS)(USER=skien))))

  VERSION INFORMATION:
	TNS for 32-bit Windows: Version 8.0.6.3.0 - Production
	Oracle Bequeath NT Protocol Adapter for 32-bit Windows: Version 8.0.6.3.0 - Production
  Time: 11-JUL-2024 20:11:56
  Tracing not turned on.
  Tns error struct:
    nr err code: 12203
    TNS-12203: TNS:não é possível estabelecer conexão com o destino
    ns main err code: 12560
    TNS-12560: TNS:erro do adaptador de protocolo
    ns secondary err code: 0
    nt main err code: 530
    TNS-00530: Erro do adaptador de protocolo
    nt secondary err code: 0
    nt OS err code: 0


***********************************************************************
Fatal NI connect error 12203, connecting to:
 (DESCRIPTION=(ADDRESS_LIST=(ADDRESS=(PROTOCOL=BEQ)(PROGRAM=oracle80)(ARGV0=oracle80ORCL)(ARGS='(DESCRIPTION=(LOCAL=YES)(ADDRESS=(PROTOCOL=beq)))')))(CONNECT_DATA=(SID=ORCL)(CID=(PROGRAM=C:\orant\BIN\ifrun60.EXE)(HOST=EYESOFABYSS)(USER=skien))))

  VERSION INFORMATION:
	TNS for 32-bit Windows: Version 8.0.6.3.0 - Production
	Oracle Bequeath NT Protocol Adapter for 32-bit Windows: Version 8.0.6.3.0 - Production
  Time: 11-JUL-2024 20:11:56
  Tracing not turned on.
  Tns error struct:
    nr err code: 12203
    TNS-12203: TNS:não é possível estabelecer conexão com o destino
    ns main err code: 12560
    TNS-12560: TNS:erro do adaptador de protocolo
    ns secondary err code: 0
    nt main err code: 530
    TNS-00530: Erro do adaptador de protocolo
    nt secondary err code: 0
    nt OS err code: 0


***********************************************************************
Fatal NI connect error 12203, connecting to:
 (DESCRIPTION=(ADDRESS_LIST=(ADDRESS=(PROTOCOL=BEQ)(PROGRAM=oracle80)(ARGV0=oracle80ORCL)(ARGS='(DESCRIPTION=(LOCAL=YES)(ADDRESS=(PROTOCOL=beq)))')))(CONNECT_DATA=(SID=ORCL)(CID=(PROGRAM=C:\orant\BIN\ifrun60.EXE)(HOST=EYESOFABYSS)(USER=skien))))

  VERSION INFORMATION:
	TNS for 32-bit Windows: Version 8.0.6.3.0 - Production
	Oracle Bequeath NT Protocol Adapter for 32-bit Windows: Version 8.0.6.3.0 - Production
  Time: 11-JUL-2024 20:11:56
  Tracing not turned on.
  Tns error struct:
    nr err code: 12203
    TNS-12203: TNS:não é possível estabelecer conexão com o destino
    ns main err code: 12560
    TNS-12560: TNS:erro do adaptador de protocolo
    ns secondary err code: 0
    nt main err code: 530
    TNS-00530: Erro do adaptador de protocolo
    nt secondary err code: 0
    nt OS err code: 0


***********************************************************************
Fatal NI connect error 12203, connecting to:
 (DESCRIPTION=(ADDRESS_LIST=(ADDRESS=(PROTOCOL=BEQ)(PROGRAM=oracle80)(ARGV0=oracle80ORCL)(ARGS='(DESCRIPTION=(LOCAL=YES)(ADDRESS=(PROTOCOL=beq)))')))(CONNECT_DATA=(SID=ORCL)(CID=(PROGRAM=C:\orant\BIN\ifrun60.EXE)(HOST=EYESOFABYSS)(USER=skien))))

  VERSION INFORMATION:
	TNS for 32-bit Windows: Version 8.0.6.3.0 - Production
	Oracle Bequeath NT Protocol Adapter for 32-bit Windows: Version 8.0.6.3.0 - Production
  Time: 11-JUL-2024 20:11:56
  Tracing not turned on.
  Tns error struct:
    nr err code: 12203
    TNS-12203: TNS:não é possível estabelecer conexão com o destino
    ns main err code: 12560
    TNS-12560: TNS:erro do adaptador de protocolo
    ns secondary err code: 0
    nt main err code: 530
    TNS-00530: Erro do adaptador de protocolo
    nt secondary err code: 0
    nt OS err code: 0


***********************************************************************
Fatal NI connect error 12203, connecting to:
 (DESCRIPTION=(ADDRESS_LIST=(ADDRESS=(PROTOCOL=BEQ)(PROGRAM=oracle80)(ARGV0=oracle80ORCL)(ARGS='(DESCRIPTION=(LOCAL=YES)(ADDRESS=(PROTOCOL=beq)))')))(CONNECT_DATA=(SID=ORCL)(CID=(PROGRAM=C:\orant\BIN\ifrun60.EXE)(HOST=EYESOFABYSS)(USER=skien))))

  VERSION INFORMATION:
	TNS for 32-bit Windows: Version 8.0.6.3.0 - Production
	Oracle Bequeath NT Protocol Adapter for 32-bit Windows: Version 8.0.6.3.0 - Production
  Time: 11-JUL-2024 20:12:00
  Tracing not turned on.
  Tns error struct:
    nr err code: 12203
    TNS-12203: TNS:não é possível estabelecer conexão com o destino
    ns main err code: 12560
    TNS-12560: TNS:erro do adaptador de protocolo
    ns secondary err code: 0
    nt main err code: 530
    TNS-00530: Erro do adaptador de protocolo
    nt secondary err code: 0
    nt OS err code: 0


***********************************************************************
Fatal NI connect error 12203, connecting to:
 (DESCRIPTION=(ADDRESS_LIST=(ADDRESS=(PROTOCOL=BEQ)(PROGRAM=oracle80)(ARGV0=oracle80ORCL)(ARGS='(DESCRIPTION=(LOCAL=YES)(ADDRESS=(PROTOCOL=beq)))')))(CONNECT_DATA=(SID=ORCL)(CID=(PROGRAM=C:\orant\BIN\ifrun60.EXE)(HOST=EYESOFABYSS)(USER=skien))))

  VERSION INFORMATION:
	TNS for 32-bit Windows: Version 8.0.6.3.0 - Production
	Oracle Bequeath NT Protocol Adapter for 32-bit Windows: Version 8.0.6.3.0 - Production
  Time: 11-JUL-2024 20:12:00
  Tracing not turned on.
  Tns error struct:
    nr err code: 12203
    TNS-12203: TNS:não é possível estabelecer conexão com o destino
    ns main err code: 12560
    TNS-12560: TNS:erro do adaptador de protocolo
    ns secondary err code: 0
    nt main err code: 530
    TNS-00530: Erro do adaptador de protocolo
    nt secondary err code: 0
    nt OS err code: 0


***********************************************************************
Fatal NI connect error 12203, connecting to:
 (DESCRIPTION=(ADDRESS_LIST=(ADDRESS=(PROTOCOL=BEQ)(PROGRAM=oracle80)(ARGV0=oracle80ORCL)(ARGS='(DESCRIPTION=(LOCAL=YES)(ADDRESS=(PROTOCOL=beq)))')))(CONNECT_DATA=(SID=ORCL)(CID=(PROGRAM=C:\orant\BIN\ifrun60.EXE)(HOST=EYESOFABYSS)(USER=skien))))

  VERSION INFORMATION:
	TNS for 32-bit Windows: Version 8.0.6.3.0 - Production
	Oracle Bequeath NT Protocol Adapter for 32-bit Windows: Version 8.0.6.3.0 - Production
  Time: 11-JUL-2024 20:12:00
  Tracing not turned on.
  Tns error struct:
    nr err code: 12203
    TNS-12203: TNS:não é possível estabelecer conexão com o destino
    ns main err code: 12560
    TNS-12560: TNS:erro do adaptador de protocolo
    ns secondary err code: 0
    nt main err code: 530
    TNS-00530: Erro do adaptador de protocolo
    nt secondary err code: 0
    nt OS err code: 0


***********************************************************************
Fatal NI connect error 12203, connecting to:
 (DESCRIPTION=(ADDRESS_LIST=(ADDRESS=(PROTOCOL=BEQ)(PROGRAM=oracle80)(ARGV0=oracle80ORCL)(ARGS='(DESCRIPTION=(LOCAL=YES)(ADDRESS=(PROTOCOL=beq)))')))(CONNECT_DATA=(SID=ORCL)(CID=(PROGRAM=C:\orant\BIN\ifrun60.EXE)(HOST=EYESOFABYSS)(USER=skien))))

  VERSION INFORMATION:
	TNS for 32-bit Windows: Version 8.0.6.3.0 - Production
	Oracle Bequeath NT Protocol Adapter for 32-bit Windows: Version 8.0.6.3.0 - Production
  Time: 11-JUL-2024 20:12:01
  Tracing not turned on.
  Tns error struct:
    nr err code: 12203
    TNS-12203: TNS:não é possível estabelecer conexão com o destino
    ns main err code: 12560
    TNS-12560: TNS:erro do adaptador de protocolo
    ns secondary err code: 0
    nt main err code: 530
    TNS-00530: Erro do adaptador de protocolo
    nt secondary err code: 0
    nt OS err code: 0


***********************************************************************
Fatal NI connect error 12203, connecting to:
 (DESCRIPTION=(ADDRESS_LIST=(ADDRESS=(PROTOCOL=BEQ)(PROGRAM=oracle80)(ARGV0=oracle80ORCL)(ARGS='(DESCRIPTION=(LOCAL=YES)(ADDRESS=(PROTOCOL=beq)))')))(CONNECT_DATA=(SID=ORCL)(CID=(PROGRAM=C:\orant\BIN\ifrun60.EXE)(HOST=EYESOFABYSS)(USER=skien))))

  VERSION INFORMATION:
	TNS for 32-bit Windows: Version 8.0.6.3.0 - Production
	Oracle Bequeath NT Protocol Adapter for 32-bit Windows: Version 8.0.6.3.0 - Production
  Time: 11-JUL-2024 20:12:01
  Tracing not turned on.
  Tns error struct:
    nr err code: 12203
    TNS-12203: TNS:não é possível estabelecer conexão com o destino
    ns main err code: 12560
    TNS-12560: TNS:erro do adaptador de protocolo
    ns secondary err code: 0
    nt main err code: 530
    TNS-00530: Erro do adaptador de protocolo
    nt secondary err code: 0
    nt OS err code: 0


***********************************************************************
Fatal NI connect error 12203, connecting to:
 (DESCRIPTION=(ADDRESS_LIST=(ADDRESS=(PROTOCOL=BEQ)(PROGRAM=oracle80)(ARGV0=oracle80ORCL)(ARGS='(DESCRIPTION=(LOCAL=YES)(ADDRESS=(PROTOCOL=beq)))')))(CONNECT_DATA=(SID=ORCL)(CID=(PROGRAM=C:\orant\BIN\ifrun60.EXE)(HOST=EYESOFABYSS)(USER=skien))))

  VERSION INFORMATION:
	TNS for 32-bit Windows: Version 8.0.6.3.0 - Production
	Oracle Bequeath NT Protocol Adapter for 32-bit Windows: Version 8.0.6.3.0 - Production
  Time: 11-JUL-2024 20:12:01
  Tracing not turned on.
  Tns error struct:
    nr err code: 12203
    TNS-12203: TNS:não é possível estabelecer conexão com o destino
    ns main err code: 12560
    TNS-12560: TNS:erro do adaptador de protocolo
    ns secondary err code: 0
    nt main err code: 530
    TNS-00530: Erro do adaptador de protocolo
    nt secondary err code: 0
    nt OS err code: 0


***********************************************************************
Fatal NI connect error 12203, connecting to:
 (DESCRIPTION=(ADDRESS_LIST=(ADDRESS=(PROTOCOL=BEQ)(PROGRAM=oracle80)(ARGV0=oracle80ORCL)(ARGS='(DESCRIPTION=(LOCAL=YES)(ADDRESS=(PROTOCOL=beq)))')))(CONNECT_DATA=(SID=ORCL)(CID=(PROGRAM=C:\orant\BIN\ifrun60.EXE)(HOST=EYESOFABYSS)(USER=skien))))

  VERSION INFORMATION:
	TNS for 32-bit Windows: Version 8.0.6.3.0 - Production
	Oracle Bequeath NT Protocol Adapter for 32-bit Windows: Version 8.0.6.3.0 - Production
  Time: 11-JUL-2024 20:12:01
  Tracing not turned on.
  Tns error struct:
    nr err code: 12203
    TNS-12203: TNS:não é possível estabelecer conexão com o destino
    ns main err code: 12560
    TNS-12560: TNS:erro do adaptador de protocolo
    ns secondary err code: 0
    nt main err code: 530
    TNS-00530: Erro do adaptador de protocolo
    nt secondary err code: 0
    nt OS err code: 0


***********************************************************************
Fatal NI connect error 12203, connecting to:
 (DESCRIPTION=(ADDRESS_LIST=(ADDRESS=(PROTOCOL=BEQ)(PROGRAM=oracle80)(ARGV0=oracle80ORCL)(ARGS='(DESCRIPTION=(LOCAL=YES)(ADDRESS=(PROTOCOL=beq)))')))(CONNECT_DATA=(SID=ORCL)(CID=(PROGRAM=C:\orant\BIN\ifrun60.EXE)(HOST=EYESOFABYSS)(USER=skien))))

  VERSION INFORMATION:
	TNS for 32-bit Windows: Version 8.0.6.3.0 - Production
	Oracle Bequeath NT Protocol Adapter for 32-bit Windows: Version 8.0.6.3.0 - Production
  Time: 11-JUL-2024 20:12:01
  Tracing not turned on.
  Tns error struct:
    nr err code: 12203
    TNS-12203: TNS:não é possível estabelecer conexão com o destino
    ns main err code: 12560
    TNS-12560: TNS:erro do adaptador de protocolo
    ns secondary err code: 0
    nt main err code: 530
    TNS-00530: Erro do adaptador de protocolo
    nt secondary err code: 0
    nt OS err code: 0


***********************************************************************
Fatal NI connect error 12203, connecting to:
 (DESCRIPTION=(ADDRESS_LIST=(ADDRESS=(PROTOCOL=BEQ)(PROGRAM=oracle80)(ARGV0=oracle80ORCL)(ARGS='(DESCRIPTION=(LOCAL=YES)(ADDRESS=(PROTOCOL=beq)))')))(CONNECT_DATA=(SID=ORCL)(CID=(PROGRAM=C:\orant\BIN\ifrun60.EXE)(HOST=EYESOFABYSS)(USER=skien))))

  VERSION INFORMATION:
	TNS for 32-bit Windows: Version 8.0.6.3.0 - Production
	Oracle Bequeath NT Protocol Adapter for 32-bit Windows: Version 8.0.6.3.0 - Production
  Time: 11-JUL-2024 20:12:01
  Tracing not turned on.
  Tns error struct:
    nr err code: 12203
    TNS-12203: TNS:não é possível estabelecer conexão com o destino
    ns main err code: 12560
    TNS-12560: TNS:erro do adaptador de protocolo
    ns secondary err code: 0
    nt main err code: 530
    TNS-00530: Erro do adaptador de protocolo
    nt secondary err code: 0
    nt OS err code: 0


***********************************************************************
Fatal NI connect error 12203, connecting to:
 (DESCRIPTION=(ADDRESS_LIST=(ADDRESS=(PROTOCOL=BEQ)(PROGRAM=oracle80)(ARGV0=oracle80ORCL)(ARGS='(DESCRIPTION=(LOCAL=YES)(ADDRESS=(PROTOCOL=beq)))')))(CONNECT_DATA=(SID=ORCL)(CID=(PROGRAM=C:\orant\BIN\ifrun60.EXE)(HOST=EYESOFABYSS)(USER=skien))))

  VERSION INFORMATION:
	TNS for 32-bit Windows: Version 8.0.6.3.0 - Production
	Oracle Bequeath NT Protocol Adapter for 32-bit Windows: Version 8.0.6.3.0 - Production
  Time: 11-JUL-2024 20:12:01
  Tracing not turned on.
  Tns error struct:
    nr err code: 12203
    TNS-12203: TNS:não é possível estabelecer conexão com o destino
    ns main err code: 12560
    TNS-12560: TNS:erro do adaptador de protocolo
    ns secondary err code: 0
    nt main err code: 530
    TNS-00530: Erro do adaptador de protocolo
    nt secondary err code: 0
    nt OS err code: 0


***********************************************************************
Fatal NI connect error 12203, connecting to:
 (DESCRIPTION=(ADDRESS_LIST=(ADDRESS=(PROTOCOL=BEQ)(PROGRAM=oracle80)(ARGV0=oracle80ORCL)(ARGS='(DESCRIPTION=(LOCAL=YES)(ADDRESS=(PROTOCOL=beq)))')))(CONNECT_DATA=(SID=ORCL)(CID=(PROGRAM=C:\orant\BIN\ifrun60.EXE)(HOST=EYESOFABYSS)(USER=skien))))

  VERSION INFORMATION:
	TNS for 32-bit Windows: Version 8.0.6.3.0 - Production
	Oracle Bequeath NT Protocol Adapter for 32-bit Windows: Version 8.0.6.3.0 - Production
  Time: 11-JUL-2024 20:12:01
  Tracing not turned on.
  Tns error struct:
    nr err code: 12203
    TNS-12203: TNS:não é possível estabelecer conexão com o destino
    ns main err code: 12560
    TNS-12560: TNS:erro do adaptador de protocolo
    ns secondary err code: 0
    nt main err code: 530
    TNS-00530: Erro do adaptador de protocolo
    nt secondary err code: 0
    nt OS err code: 0


***********************************************************************
Fatal NI connect error 12203, connecting to:
 (DESCRIPTION=(ADDRESS_LIST=(ADDRESS=(PROTOCOL=BEQ)(PROGRAM=oracle80)(ARGV0=oracle80ORCL)(ARGS='(DESCRIPTION=(LOCAL=YES)(ADDRESS=(PROTOCOL=beq)))')))(CONNECT_DATA=(SID=ORCL)(CID=(PROGRAM=C:\orant\BIN\ifrun60.EXE)(HOST=EYESOFABYSS)(USER=skien))))

  VERSION INFORMATION:
	TNS for 32-bit Windows: Version 8.0.6.3.0 - Production
	Oracle Bequeath NT Protocol Adapter for 32-bit Windows: Version 8.0.6.3.0 - Production
  Time: 11-JUL-2024 20:12:01
  Tracing not turned on.
  Tns error struct:
    nr err code: 12203
    TNS-12203: TNS:não é possível estabelecer conexão com o destino
    ns main err code: 12560
    TNS-12560: TNS:erro do adaptador de protocolo
    ns secondary err code: 0
    nt main err code: 530
    TNS-00530: Erro do adaptador de protocolo
    nt secondary err code: 0
    nt OS err code: 0


***********************************************************************
Fatal NI connect error 12203, connecting to:
 (DESCRIPTION=(ADDRESS_LIST=(ADDRESS=(PROTOCOL=BEQ)(PROGRAM=oracle80)(ARGV0=oracle80ORCL)(ARGS='(DESCRIPTION=(LOCAL=YES)(ADDRESS=(PROTOCOL=beq)))')))(CONNECT_DATA=(SID=ORCL)(CID=(PROGRAM=C:\orant\BIN\ifrun60.EXE)(HOST=EYESOFABYSS)(USER=skien))))

  VERSION INFORMATION:
	TNS for 32-bit Windows: Version 8.0.6.3.0 - Production
	Oracle Bequeath NT Protocol Adapter for 32-bit Windows: Version 8.0.6.3.0 - Production
  Time: 11-JUL-2024 20:12:01
  Tracing not turned on.
  Tns error struct:
    nr err code: 12203
    TNS-12203: TNS:não é possível estabelecer conexão com o destino
    ns main err code: 12560
    TNS-12560: TNS:erro do adaptador de protocolo
    ns secondary err code: 0
    nt main err code: 530
    TNS-00530: Erro do adaptador de protocolo
    nt secondary err code: 0
    nt OS err code: 0


***********************************************************************
Fatal NI connect error 12203, connecting to:
 (DESCRIPTION=(ADDRESS_LIST=(ADDRESS=(PROTOCOL=BEQ)(PROGRAM=oracle80)(ARGV0=oracle80ORCL)(ARGS='(DESCRIPTION=(LOCAL=YES)(ADDRESS=(PROTOCOL=beq)))')))(CONNECT_DATA=(SID=ORCL)(CID=(PROGRAM=C:\orant\BIN\ifrun60.EXE)(HOST=EYESOFABYSS)(USER=skien))))

  VERSION INFORMATION:
	TNS for 32-bit Windows: Version 8.0.6.3.0 - Production
	Oracle Bequeath NT Protocol Adapter for 32-bit Windows: Version 8.0.6.3.0 - Production
  Time: 11-JUL-2024 20:12:03
  Tracing not turned on.
  Tns error struct:
    nr err code: 12203
    TNS-12203: TNS:não é possível estabelecer conexão com o destino
    ns main err code: 12560
    TNS-12560: TNS:erro do adaptador de protocolo
    ns secondary err code: 0
    nt main err code: 530
    TNS-00530: Erro do adaptador de protocolo
    nt secondary err code: 0
    nt OS err code: 0


***********************************************************************
Fatal NI connect error 12203, connecting to:
 (DESCRIPTION=(ADDRESS_LIST=(ADDRESS=(PROTOCOL=BEQ)(PROGRAM=oracle80)(ARGV0=oracle80ORCL)(ARGS='(DESCRIPTION=(LOCAL=YES)(ADDRESS=(PROTOCOL=beq)))')))(CONNECT_DATA=(SID=ORCL)(CID=(PROGRAM=C:\orant\BIN\ifrun60.EXE)(HOST=EYESOFABYSS)(USER=skien))))

  VERSION INFORMATION:
	TNS for 32-bit Windows: Version 8.0.6.3.0 - Production
	Oracle Bequeath NT Protocol Adapter for 32-bit Windows: Version 8.0.6.3.0 - Production
  Time: 11-JUL-2024 20:12:03
  Tracing not turned on.
  Tns error struct:
    nr err code: 12203
    TNS-12203: TNS:não é possível estabelecer conexão com o destino
    ns main err code: 12560
    TNS-12560: TNS:erro do adaptador de protocolo
    ns secondary err code: 0
    nt main err code: 530
    TNS-00530: Erro do adaptador de protocolo
    nt secondary err code: 0
    nt OS err code: 0


***********************************************************************
Fatal NI connect error 12203, connecting to:
 (DESCRIPTION=(ADDRESS_LIST=(ADDRESS=(PROTOCOL=BEQ)(PROGRAM=oracle80)(ARGV0=oracle80ORCL)(ARGS='(DESCRIPTION=(LOCAL=YES)(ADDRESS=(PROTOCOL=beq)))')))(CONNECT_DATA=(SID=ORCL)(CID=(PROGRAM=C:\orant\BIN\ifrun60.EXE)(HOST=EYESOFABYSS)(USER=skien))))

  VERSION INFORMATION:
	TNS for 32-bit Windows: Version 8.0.6.3.0 - Production
	Oracle Bequeath NT Protocol Adapter for 32-bit Windows: Version 8.0.6.3.0 - Production
  Time: 11-JUL-2024 20:12:03
  Tracing not turned on.
  Tns error struct:
    nr err code: 12203
    TNS-12203: TNS:não é possível estabelecer conexão com o destino
    ns main err code: 12560
    TNS-12560: TNS:erro do adaptador de protocolo
    ns secondary err code: 0
    nt main err code: 530
    TNS-00530: Erro do adaptador de protocolo
    nt secondary err code: 0
    nt OS err code: 0


***********************************************************************
Fatal NI connect error 12203, connecting to:
 (DESCRIPTION=(ADDRESS_LIST=(ADDRESS=(PROTOCOL=BEQ)(PROGRAM=oracle80)(ARGV0=oracle80ORCL)(ARGS='(DESCRIPTION=(LOCAL=YES)(ADDRESS=(PROTOCOL=beq)))')))(CONNECT_DATA=(SID=ORCL)(CID=(PROGRAM=C:\orant\BIN\ifrun60.EXE)(HOST=EYESOFABYSS)(USER=skien))))

  VERSION INFORMATION:
	TNS for 32-bit Windows: Version 8.0.6.3.0 - Production
	Oracle Bequeath NT Protocol Adapter for 32-bit Windows: Version 8.0.6.3.0 - Production
  Time: 11-JUL-2024 20:12:03
  Tracing not turned on.
  Tns error struct:
    nr err code: 12203
    TNS-12203: TNS:não é possível estabelecer conexão com o destino
    ns main err code: 12560
    TNS-12560: TNS:erro do adaptador de protocolo
    ns secondary err code: 0
    nt main err code: 530
    TNS-00530: Erro do adaptador de protocolo
    nt secondary err code: 0
    nt OS err code: 0


***********************************************************************
Fatal NI connect error 12203, connecting to:
 (DESCRIPTION=(ADDRESS_LIST=(ADDRESS=(PROTOCOL=BEQ)(PROGRAM=oracle80)(ARGV0=oracle80ORCL)(ARGS='(DESCRIPTION=(LOCAL=YES)(ADDRESS=(PROTOCOL=beq)))')))(CONNECT_DATA=(SID=ORCL)(CID=(PROGRAM=C:\orant\BIN\ifrun60.EXE)(HOST=EYESOFABYSS)(USER=skien))))

  VERSION INFORMATION:
	TNS for 32-bit Windows: Version 8.0.6.3.0 - Production
	Oracle Bequeath NT Protocol Adapter for 32-bit Windows: Version 8.0.6.3.0 - Production
  Time: 11-JUL-2024 20:12:03
  Tracing not turned on.
  Tns error struct:
    nr err code: 12203
    TNS-12203: TNS:não é possível estabelecer conexão com o destino
    ns main err code: 12560
    TNS-12560: TNS:erro do adaptador de protocolo
    ns secondary err code: 0
    nt main err code: 530
    TNS-00530: Erro do adaptador de protocolo
    nt secondary err code: 0
    nt OS err code: 0


***********************************************************************
Fatal NI connect error 12203, connecting to:
 (DESCRIPTION=(ADDRESS_LIST=(ADDRESS=(PROTOCOL=BEQ)(PROGRAM=oracle80)(ARGV0=oracle80ORCL)(ARGS='(DESCRIPTION=(LOCAL=YES)(ADDRESS=(PROTOCOL=beq)))')))(CONNECT_DATA=(SID=ORCL)(CID=(PROGRAM=C:\orant\BIN\ifrun60.EXE)(HOST=EYESOFABYSS)(USER=skien))))

  VERSION INFORMATION:
	TNS for 32-bit Windows: Version 8.0.6.3.0 - Production
	Oracle Bequeath NT Protocol Adapter for 32-bit Windows: Version 8.0.6.3.0 - Production
  Time: 11-JUL-2024 20:12:03
  Tracing not turned on.
  Tns error struct:
    nr err code: 12203
    TNS-12203: TNS:não é possível estabelecer conexão com o destino
    ns main err code: 12560
    TNS-12560: TNS:erro do adaptador de protocolo
    ns secondary err code: 0
    nt main err code: 530
    TNS-00530: Erro do adaptador de protocolo
    nt secondary err code: 0
    nt OS err code: 0


***********************************************************************
Fatal NI connect error 12203, connecting to:
 (DESCRIPTION=(ADDRESS_LIST=(ADDRESS=(PROTOCOL=BEQ)(PROGRAM=oracle80)(ARGV0=oracle80ORCL)(ARGS='(DESCRIPTION=(LOCAL=YES)(ADDRESS=(PROTOCOL=beq)))')))(CONNECT_DATA=(SID=ORCL)(CID=(PROGRAM=C:\orant\BIN\ifrun60.EXE)(HOST=EYESOFABYSS)(USER=skien))))

  VERSION INFORMATION:
	TNS for 32-bit Windows: Version 8.0.6.3.0 - Production
	Oracle Bequeath NT Protocol Adapter for 32-bit Windows: Version 8.0.6.3.0 - Production
  Time: 11-JUL-2024 20:12:03
  Tracing not turned on.
  Tns error struct:
    nr err code: 12203
    TNS-12203: TNS:não é possível estabelecer conexão com o destino
    ns main err code: 12560
    TNS-12560: TNS:erro do adaptador de protocolo
    ns secondary err code: 0
    nt main err code: 530
    TNS-00530: Erro do adaptador de protocolo
    nt secondary err code: 0
    nt OS err code: 0


***********************************************************************
Fatal NI connect error 12203, connecting to:
 (DESCRIPTION=(ADDRESS_LIST=(ADDRESS=(PROTOCOL=BEQ)(PROGRAM=oracle80)(ARGV0=oracle80ORCL)(ARGS='(DESCRIPTION=(LOCAL=YES)(ADDRESS=(PROTOCOL=beq)))')))(CONNECT_DATA=(SID=ORCL)(CID=(PROGRAM=C:\orant\BIN\ifrun60.EXE)(HOST=EYESOFABYSS)(USER=skien))))

  VERSION INFORMATION:
	TNS for 32-bit Windows: Version 8.0.6.3.0 - Production
	Oracle Bequeath NT Protocol Adapter for 32-bit Windows: Version 8.0.6.3.0 - Production
  Time: 11-JUL-2024 20:12:03
  Tracing not turned on.
  Tns error struct:
    nr err code: 12203
    TNS-12203: TNS:não é possível estabelecer conexão com o destino
    ns main err code: 12560
    TNS-12560: TNS:erro do adaptador de protocolo
    ns secondary err code: 0
    nt main err code: 530
    TNS-00530: Erro do adaptador de protocolo
    nt secondary err code: 0
    nt OS err code: 0


***********************************************************************
Fatal NI connect error 12203, connecting to:
 (DESCRIPTION=(ADDRESS_LIST=(ADDRESS=(PROTOCOL=BEQ)(PROGRAM=oracle80)(ARGV0=oracle80ORCL)(ARGS='(DESCRIPTION=(LOCAL=YES)(ADDRESS=(PROTOCOL=beq)))')))(CONNECT_DATA=(SID=ORCL)(CID=(PROGRAM=C:\orant\BIN\ifrun60.EXE)(HOST=EYESOFABYSS)(USER=skien))))

  VERSION INFORMATION:
	TNS for 32-bit Windows: Version 8.0.6.3.0 - Production
	Oracle Bequeath NT Protocol Adapter for 32-bit Windows: Version 8.0.6.3.0 - Production
  Time: 11-JUL-2024 20:12:03
  Tracing not turned on.
  Tns error struct:
    nr err code: 12203
    TNS-12203: TNS:não é possível estabelecer conexão com o destino
    ns main err code: 12560
    TNS-12560: TNS:erro do adaptador de protocolo
    ns secondary err code: 0
    nt main err code: 530
    TNS-00530: Erro do adaptador de protocolo
    nt secondary err code: 0
    nt OS err code: 0


***********************************************************************
Fatal NI connect error 12203, connecting to:
 (DESCRIPTION=(ADDRESS_LIST=(ADDRESS=(PROTOCOL=BEQ)(PROGRAM=oracle80)(ARGV0=oracle80ORCL)(ARGS='(DESCRIPTION=(LOCAL=YES)(ADDRESS=(PROTOCOL=beq)))')))(CONNECT_DATA=(SID=ORCL)(CID=(PROGRAM=C:\orant\BIN\ifrun60.EXE)(HOST=EYESOFABYSS)(USER=skien))))

  VERSION INFORMATION:
	TNS for 32-bit Windows: Version 8.0.6.3.0 - Production
	Oracle Bequeath NT Protocol Adapter for 32-bit Windows: Version 8.0.6.3.0 - Production
  Time: 11-JUL-2024 20:12:03
  Tracing not turned on.
  Tns error struct:
    nr err code: 12203
    TNS-12203: TNS:não é possível estabelecer conexão com o destino
    ns main err code: 12560
    TNS-12560: TNS:erro do adaptador de protocolo
    ns secondary err code: 0
    nt main err code: 530
    TNS-00530: Erro do adaptador de protocolo
    nt secondary err code: 0
    nt OS err code: 0


***********************************************************************
Fatal NI connect error 12203, connecting to:
 (DESCRIPTION=(ADDRESS_LIST=(ADDRESS=(PROTOCOL=BEQ)(PROGRAM=oracle80)(ARGV0=oracle80ORCL)(ARGS='(DESCRIPTION=(LOCAL=YES)(ADDRESS=(PROTOCOL=beq)))')))(CONNECT_DATA=(SID=ORCL)(CID=(PROGRAM=C:\orant\BIN\ifrun60.EXE)(HOST=EYESOFABYSS)(USER=skien))))

  VERSION INFORMATION:
	TNS for 32-bit Windows: Version 8.0.6.3.0 - Production
	Oracle Bequeath NT Protocol Adapter for 32-bit Windows: Version 8.0.6.3.0 - Production
  Time: 11-JUL-2024 20:12:03
  Tracing not turned on.
  Tns error struct:
    nr err code: 12203
    TNS-12203: TNS:não é possível estabelecer conexão com o destino
    ns main err code: 12560
    TNS-12560: TNS:erro do adaptador de protocolo
    ns secondary err code: 0
    nt main err code: 530
    TNS-00530: Erro do adaptador de protocolo
    nt secondary err code: 0
    nt OS err code: 0


***********************************************************************
Fatal NI connect error 12203, connecting to:
 (DESCRIPTION=(ADDRESS_LIST=(ADDRESS=(PROTOCOL=BEQ)(PROGRAM=oracle80)(ARGV0=oracle80ORCL)(ARGS='(DESCRIPTION=(LOCAL=YES)(ADDRESS=(PROTOCOL=beq)))')))(CONNECT_DATA=(SID=ORCL)(CID=(PROGRAM=C:\orant\BIN\ifrun60.EXE)(HOST=EYESOFABYSS)(USER=skien))))

  VERSION INFORMATION:
	TNS for 32-bit Windows: Version 8.0.6.3.0 - Production
	Oracle Bequeath NT Protocol Adapter for 32-bit Windows: Version 8.0.6.3.0 - Production
  Time: 11-JUL-2024 20:12:03
  Tracing not turned on.
  Tns error struct:
    nr err code: 12203
    TNS-12203: TNS:não é possível estabelecer conexão com o destino
    ns main err code: 12560
    TNS-12560: TNS:erro do adaptador de protocolo
    ns secondary err code: 0
    nt main err code: 530
    TNS-00530: Erro do adaptador de protocolo
    nt secondary err code: 0
    nt OS err code: 0


***********************************************************************
Fatal NI connect error 12203, connecting to:
 (DESCRIPTION=(ADDRESS_LIST=(ADDRESS=(PROTOCOL=BEQ)(PROGRAM=oracle80)(ARGV0=oracle80ORCL)(ARGS='(DESCRIPTION=(LOCAL=YES)(ADDRESS=(PROTOCOL=beq)))')))(CONNECT_DATA=(SID=ORCL)(CID=(PROGRAM=C:\orant\BIN\ifrun60.EXE)(HOST=EYESOFABYSS)(USER=skien))))

  VERSION INFORMATION:
	TNS for 32-bit Windows: Version 8.0.6.3.0 - Production
	Oracle Bequeath NT Protocol Adapter for 32-bit Windows: Version 8.0.6.3.0 - Production
  Time: 11-JUL-2024 20:12:03
  Tracing not turned on.
  Tns error struct:
    nr err code: 12203
    TNS-12203: TNS:não é possível estabelecer conexão com o destino
    ns main err code: 12560
    TNS-12560: TNS:erro do adaptador de protocolo
    ns secondary err code: 0
    nt main err code: 530
    TNS-00530: Erro do adaptador de protocolo
    nt secondary err code: 0
    nt OS err code: 0


***********************************************************************
Fatal NI connect error 12203, connecting to:
 (DESCRIPTION=(ADDRESS_LIST=(ADDRESS=(PROTOCOL=BEQ)(PROGRAM=oracle80)(ARGV0=oracle80ORCL)(ARGS='(DESCRIPTION=(LOCAL=YES)(ADDRESS=(PROTOCOL=beq)))')))(CONNECT_DATA=(SID=ORCL)(CID=(PROGRAM=C:\orant\BIN\ifrun60.EXE)(HOST=EYESOFABYSS)(USER=skien))))

  VERSION INFORMATION:
	TNS for 32-bit Windows: Version 8.0.6.3.0 - Production
	Oracle Bequeath NT Protocol Adapter for 32-bit Windows: Version 8.0.6.3.0 - Production
  Time: 11-JUL-2024 20:12:30
  Tracing not turned on.
  Tns error struct:
    nr err code: 12203
    TNS-12203: TNS:não é possível estabelecer conexão com o destino
    ns main err code: 12560
    TNS-12560: TNS:erro do adaptador de protocolo
    ns secondary err code: 0
    nt main err code: 530
    TNS-00530: Erro do adaptador de protocolo
    nt secondary err code: 0
    nt OS err code: 0


***********************************************************************
Fatal NI connect error 12203, connecting to:
 (DESCRIPTION=(ADDRESS_LIST=(ADDRESS=(PROTOCOL=BEQ)(PROGRAM=oracle80)(ARGV0=oracle80ORCL)(ARGS='(DESCRIPTION=(LOCAL=YES)(ADDRESS=(PROTOCOL=beq)))')))(CONNECT_DATA=(SID=ORCL)(CID=(PROGRAM=C:\orant\BIN\ifrun60.EXE)(HOST=EYESOFABYSS)(USER=skien))))

  VERSION INFORMATION:
	TNS for 32-bit Windows: Version 8.0.6.3.0 - Production
	Oracle Bequeath NT Protocol Adapter for 32-bit Windows: Version 8.0.6.3.0 - Production
  Time: 11-JUL-2024 20:12:30
  Tracing not turned on.
  Tns error struct:
    nr err code: 12203
    TNS-12203: TNS:não é possível estabelecer conexão com o destino
    ns main err code: 12560
    TNS-12560: TNS:erro do adaptador de protocolo
    ns secondary err code: 0
    nt main err code: 530
    TNS-00530: Erro do adaptador de protocolo
    nt secondary err code: 0
    nt OS err code: 0


***********************************************************************
Fatal NI connect error 12203, connecting to:
 (DESCRIPTION=(ADDRESS_LIST=(ADDRESS=(PROTOCOL=BEQ)(PROGRAM=oracle80)(ARGV0=oracle80ORCL)(ARGS='(DESCRIPTION=(LOCAL=YES)(ADDRESS=(PROTOCOL=beq)))')))(CONNECT_DATA=(SID=ORCL)(CID=(PROGRAM=C:\orant\BIN\ifrun60.EXE)(HOST=EYESOFABYSS)(USER=skien))))

  VERSION INFORMATION:
	TNS for 32-bit Windows: Version 8.0.6.3.0 - Production
	Oracle Bequeath NT Protocol Adapter for 32-bit Windows: Version 8.0.6.3.0 - Production
  Time: 11-JUL-2024 20:12:30
  Tracing not turned on.
  Tns error struct:
    nr err code: 12203
    TNS-12203: TNS:não é possível estabelecer conexão com o destino
    ns main err code: 12560
    TNS-12560: TNS:erro do adaptador de protocolo
    ns secondary err code: 0
    nt main err code: 530
    TNS-00530: Erro do adaptador de protocolo
    nt secondary err code: 0
    nt OS err code: 0


***********************************************************************
Fatal NI connect error 12203, connecting to:
 (DESCRIPTION=(ADDRESS_LIST=(ADDRESS=(PROTOCOL=BEQ)(PROGRAM=oracle80)(ARGV0=oracle80ORCL)(ARGS='(DESCRIPTION=(LOCAL=YES)(ADDRESS=(PROTOCOL=beq)))')))(CONNECT_DATA=(SID=ORCL)(CID=(PROGRAM=C:\orant\BIN\ifrun60.EXE)(HOST=EYESOFABYSS)(USER=skien))))

  VERSION INFORMATION:
	TNS for 32-bit Windows: Version 8.0.6.3.0 - Production
	Oracle Bequeath NT Protocol Adapter for 32-bit Windows: Version 8.0.6.3.0 - Production
  Time: 11-JUL-2024 20:12:30
  Tracing not turned on.
  Tns error struct:
    nr err code: 12203
    TNS-12203: TNS:não é possível estabelecer conexão com o destino
    ns main err code: 12560
    TNS-12560: TNS:erro do adaptador de protocolo
    ns secondary err code: 0
    nt main err code: 530
    TNS-00530: Erro do adaptador de protocolo
    nt secondary err code: 0
    nt OS err code: 0


***********************************************************************
Fatal NI connect error 12203, connecting to:
 (DESCRIPTION=(ADDRESS_LIST=(ADDRESS=(PROTOCOL=BEQ)(PROGRAM=oracle80)(ARGV0=oracle80ORCL)(ARGS='(DESCRIPTION=(LOCAL=YES)(ADDRESS=(PROTOCOL=beq)))')))(CONNECT_DATA=(SID=ORCL)(CID=(PROGRAM=C:\orant\BIN\ifrun60.EXE)(HOST=EYESOFABYSS)(USER=skien))))

  VERSION INFORMATION:
	TNS for 32-bit Windows: Version 8.0.6.3.0 - Production
	Oracle Bequeath NT Protocol Adapter for 32-bit Windows: Version 8.0.6.3.0 - Production
  Time: 11-JUL-2024 20:12:30
  Tracing not turned on.
  Tns error struct:
    nr err code: 12203
    TNS-12203: TNS:não é possível estabelecer conexão com o destino
    ns main err code: 12560
    TNS-12560: TNS:erro do adaptador de protocolo
    ns secondary err code: 0
    nt main err code: 530
    TNS-00530: Erro do adaptador de protocolo
    nt secondary err code: 0
    nt OS err code: 0


***********************************************************************
Fatal NI connect error 12203, connecting to:
 (DESCRIPTION=(ADDRESS_LIST=(ADDRESS=(PROTOCOL=BEQ)(PROGRAM=oracle80)(ARGV0=oracle80ORCL)(ARGS='(DESCRIPTION=(LOCAL=YES)(ADDRESS=(PROTOCOL=beq)))')))(CONNECT_DATA=(SID=ORCL)(CID=(PROGRAM=C:\orant\BIN\ifrun60.EXE)(HOST=EYESOFABYSS)(USER=skien))))

  VERSION INFORMATION:
	TNS for 32-bit Windows: Version 8.0.6.3.0 - Production
	Oracle Bequeath NT Protocol Adapter for 32-bit Windows: Version 8.0.6.3.0 - Production
  Time: 11-JUL-2024 20:12:30
  Tracing not turned on.
  Tns error struct:
    nr err code: 12203
    TNS-12203: TNS:não é possível estabelecer conexão com o destino
    ns main err code: 12560
    TNS-12560: TNS:erro do adaptador de protocolo
    ns secondary err code: 0
    nt main err code: 530
    TNS-00530: Erro do adaptador de protocolo
    nt secondary err code: 0
    nt OS err code: 0


***********************************************************************
Fatal NI connect error 12203, connecting to:
 (DESCRIPTION=(ADDRESS_LIST=(ADDRESS=(PROTOCOL=BEQ)(PROGRAM=oracle80)(ARGV0=oracle80ORCL)(ARGS='(DESCRIPTION=(LOCAL=YES)(ADDRESS=(PROTOCOL=beq)))')))(CONNECT_DATA=(SID=ORCL)(CID=(PROGRAM=C:\orant\BIN\ifrun60.EXE)(HOST=EYESOFABYSS)(USER=skien))))

  VERSION INFORMATION:
	TNS for 32-bit Windows: Version 8.0.6.3.0 - Production
	Oracle Bequeath NT Protocol Adapter for 32-bit Windows: Version 8.0.6.3.0 - Production
  Time: 11-JUL-2024 20:12:30
  Tracing not turned on.
  Tns error struct:
    nr err code: 12203
    TNS-12203: TNS:não é possível estabelecer conexão com o destino
    ns main err code: 12560
    TNS-12560: TNS:erro do adaptador de protocolo
    ns secondary err code: 0
    nt main err code: 530
    TNS-00530: Erro do adaptador de protocolo
    nt secondary err code: 0
    nt OS err code: 0


***********************************************************************
Fatal NI connect error 12203, connecting to:
 (DESCRIPTION=(ADDRESS_LIST=(ADDRESS=(PROTOCOL=BEQ)(PROGRAM=oracle80)(ARGV0=oracle80ORCL)(ARGS='(DESCRIPTION=(LOCAL=YES)(ADDRESS=(PROTOCOL=beq)))')))(CONNECT_DATA=(SID=ORCL)(CID=(PROGRAM=C:\orant\BIN\ifrun60.EXE)(HOST=EYESOFABYSS)(USER=skien))))

  VERSION INFORMATION:
	TNS for 32-bit Windows: Version 8.0.6.3.0 - Production
	Oracle Bequeath NT Protocol Adapter for 32-bit Windows: Version 8.0.6.3.0 - Production
  Time: 11-JUL-2024 20:12:30
  Tracing not turned on.
  Tns error struct:
    nr err code: 12203
    TNS-12203: TNS:não é possível estabelecer conexão com o destino
    ns main err code: 12560
    TNS-12560: TNS:erro do adaptador de protocolo
    ns secondary err code: 0
    nt main err code: 530
    TNS-00530: Erro do adaptador de protocolo
    nt secondary err code: 0
    nt OS err code: 0


***********************************************************************
Fatal NI connect error 12203, connecting to:
 (DESCRIPTION=(ADDRESS_LIST=(ADDRESS=(PROTOCOL=BEQ)(PROGRAM=oracle80)(ARGV0=oracle80ORCL)(ARGS='(DESCRIPTION=(LOCAL=YES)(ADDRESS=(PROTOCOL=beq)))')))(CONNECT_DATA=(SID=ORCL)(CID=(PROGRAM=C:\orant\BIN\ifrun60.EXE)(HOST=EYESOFABYSS)(USER=skien))))

  VERSION INFORMATION:
	TNS for 32-bit Windows: Version 8.0.6.3.0 - Production
	Oracle Bequeath NT Protocol Adapter for 32-bit Windows: Version 8.0.6.3.0 - Production
  Time: 11-JUL-2024 20:12:30
  Tracing not turned on.
  Tns error struct:
    nr err code: 12203
    TNS-12203: TNS:não é possível estabelecer conexão com o destino
    ns main err code: 12560
    TNS-12560: TNS:erro do adaptador de protocolo
    ns secondary err code: 0
    nt main err code: 530
    TNS-00530: Erro do adaptador de protocolo
    nt secondary err code: 0
    nt OS err code: 0


***********************************************************************
Fatal NI connect error 12203, connecting to:
 (DESCRIPTION=(ADDRESS_LIST=(ADDRESS=(PROTOCOL=BEQ)(PROGRAM=oracle80)(ARGV0=oracle80ORCL)(ARGS='(DESCRIPTION=(LOCAL=YES)(ADDRESS=(PROTOCOL=beq)))')))(CONNECT_DATA=(SID=ORCL)(CID=(PROGRAM=C:\orant\BIN\ifrun60.EXE)(HOST=EYESOFABYSS)(USER=skien))))

  VERSION INFORMATION:
	TNS for 32-bit Windows: Version 8.0.6.3.0 - Production
	Oracle Bequeath NT Protocol Adapter for 32-bit Windows: Version 8.0.6.3.0 - Production
  Time: 11-JUL-2024 20:12:30
  Tracing not turned on.
  Tns error struct:
    nr err code: 12203
    TNS-12203: TNS:não é possível estabelecer conexão com o destino
    ns main err code: 12560
    TNS-12560: TNS:erro do adaptador de protocolo
    ns secondary err code: 0
    nt main err code: 530
    TNS-00530: Erro do adaptador de protocolo
    nt secondary err code: 0
    nt OS err code: 0


***********************************************************************
Fatal NI connect error 12203, connecting to:
 (DESCRIPTION=(ADDRESS_LIST=(ADDRESS=(PROTOCOL=BEQ)(PROGRAM=oracle80)(ARGV0=oracle80ORCL)(ARGS='(DESCRIPTION=(LOCAL=YES)(ADDRESS=(PROTOCOL=beq)))')))(CONNECT_DATA=(SID=ORCL)(CID=(PROGRAM=C:\orant\BIN\ifrun60.EXE)(HOST=EYESOFABYSS)(USER=skien))))

  VERSION INFORMATION:
	TNS for 32-bit Windows: Version 8.0.6.3.0 - Production
	Oracle Bequeath NT Protocol Adapter for 32-bit Windows: Version 8.0.6.3.0 - Production
  Time: 11-JUL-2024 20:12:30
  Tracing not turned on.
  Tns error struct:
    nr err code: 12203
    TNS-12203: TNS:não é possível estabelecer conexão com o destino
    ns main err code: 12560
    TNS-12560: TNS:erro do adaptador de protocolo
    ns secondary err code: 0
    nt main err code: 530
    TNS-00530: Erro do adaptador de protocolo
    nt secondary err code: 0
    nt OS err code: 0


***********************************************************************
Fatal NI connect error 12203, connecting to:
 (DESCRIPTION=(ADDRESS_LIST=(ADDRESS=(PROTOCOL=BEQ)(PROGRAM=oracle80)(ARGV0=oracle80ORCL)(ARGS='(DESCRIPTION=(LOCAL=YES)(ADDRESS=(PROTOCOL=beq)))')))(CONNECT_DATA=(SID=ORCL)(CID=(PROGRAM=C:\orant\BIN\ifrun60.EXE)(HOST=EYESOFABYSS)(USER=skien))))

  VERSION INFORMATION:
	TNS for 32-bit Windows: Version 8.0.6.3.0 - Production
	Oracle Bequeath NT Protocol Adapter for 32-bit Windows: Version 8.0.6.3.0 - Production
  Time: 11-JUL-2024 20:12:30
  Tracing not turned on.
  Tns error struct:
    nr err code: 12203
    TNS-12203: TNS:não é possível estabelecer conexão com o destino
    ns main err code: 12560
    TNS-12560: TNS:erro do adaptador de protocolo
    ns secondary err code: 0
    nt main err code: 530
    TNS-00530: Erro do adaptador de protocolo
    nt secondary err code: 0
    nt OS err code: 0


***********************************************************************
Fatal NI connect error 12203, connecting to:
 (DESCRIPTION=(ADDRESS_LIST=(ADDRESS=(PROTOCOL=BEQ)(PROGRAM=oracle80)(ARGV0=oracle80ORCL)(ARGS='(DESCRIPTION=(LOCAL=YES)(ADDRESS=(PROTOCOL=beq)))')))(CONNECT_DATA=(SID=ORCL)(CID=(PROGRAM=C:\orant\BIN\ifrun60.EXE)(HOST=EYESOFABYSS)(USER=skien))))

  VERSION INFORMATION:
	TNS for 32-bit Windows: Version 8.0.6.3.0 - Production
	Oracle Bequeath NT Protocol Adapter for 32-bit Windows: Version 8.0.6.3.0 - Production
  Time: 11-JUL-2024 20:12:30
  Tracing not turned on.
  Tns error struct:
    nr err code: 12203
    TNS-12203: TNS:não é possível estabelecer conexão com o destino
    ns main err code: 12560
    TNS-12560: TNS:erro do adaptador de protocolo
    ns secondary err code: 0
    nt main err code: 530
    TNS-00530: Erro do adaptador de protocolo
    nt secondary err code: 0
    nt OS err code: 0


***********************************************************************
Fatal NI connect error 12203, connecting to:
 (DESCRIPTION=(ADDRESS_LIST=(ADDRESS=(PROTOCOL=BEQ)(PROGRAM=oracle80)(ARGV0=oracle80ORCL)(ARGS='(DESCRIPTION=(LOCAL=YES)(ADDRESS=(PROTOCOL=beq)))')))(CONNECT_DATA=(SID=ORCL)(CID=(PROGRAM=C:\orant\BIN\ifrun60.EXE)(HOST=EYESOFABYSS)(USER=skien))))

  VERSION INFORMATION:
	TNS for 32-bit Windows: Version 8.0.6.3.0 - Production
	Oracle Bequeath NT Protocol Adapter for 32-bit Windows: Version 8.0.6.3.0 - Production
  Time: 11-JUL-2024 20:12:30
  Tracing not turned on.
  Tns error struct:
    nr err code: 12203
    TNS-12203: TNS:não é possível estabelecer conexão com o destino
    ns main err code: 12560
    TNS-12560: TNS:erro do adaptador de protocolo
    ns secondary err code: 0
    nt main err code: 530
    TNS-00530: Erro do adaptador de protocolo
    nt secondary err code: 0
    nt OS err code: 0


***********************************************************************
Fatal NI connect error 12203, connecting to:
 (DESCRIPTION=(ADDRESS_LIST=(ADDRESS=(PROTOCOL=BEQ)(PROGRAM=oracle80)(ARGV0=oracle80ORCL)(ARGS='(DESCRIPTION=(LOCAL=YES)(ADDRESS=(PROTOCOL=beq)))')))(CONNECT_DATA=(SID=ORCL)(CID=(PROGRAM=C:\orant\BIN\ifrun60.EXE)(HOST=EYESOFABYSS)(USER=skien))))

  VERSION INFORMATION:
	TNS for 32-bit Windows: Version 8.0.6.3.0 - Production
	Oracle Bequeath NT Protocol Adapter for 32-bit Windows: Version 8.0.6.3.0 - Production
  Time: 11-JUL-2024 20:57:46
  Tracing not turned on.
  Tns error struct:
    nr err code: 12203
    TNS-12203: TNS:não é possível estabelecer conexão com o destino
    ns main err code: 12560
    TNS-12560: TNS:erro do adaptador de protocolo
    ns secondary err code: 0
    nt main err code: 530
    TNS-00530: Erro do adaptador de protocolo
    nt secondary err code: 0
    nt OS err code: 0


***********************************************************************
Fatal NI connect error 12203, connecting to:
 (DESCRIPTION=(ADDRESS_LIST=(ADDRESS=(PROTOCOL=BEQ)(PROGRAM=oracle80)(ARGV0=oracle80ORCL)(ARGS='(DESCRIPTION=(LOCAL=YES)(ADDRESS=(PROTOCOL=beq)))')))(CONNECT_DATA=(SID=ORCL)(CID=(PROGRAM=C:\orant\BIN\ifrun60.EXE)(HOST=EYESOFABYSS)(USER=skien))))

  VERSION INFORMATION:
	TNS for 32-bit Windows: Version 8.0.6.3.0 - Production
	Oracle Bequeath NT Protocol Adapter for 32-bit Windows: Version 8.0.6.3.0 - Production
  Time: 11-JUL-2024 20:57:46
  Tracing not turned on.
  Tns error struct:
    nr err code: 12203
    TNS-12203: TNS:não é possível estabelecer conexão com o destino
    ns main err code: 12560
    TNS-12560: TNS:erro do adaptador de protocolo
    ns secondary err code: 0
    nt main err code: 530
    TNS-00530: Erro do adaptador de protocolo
    nt secondary err code: 0
    nt OS err code: 0


***********************************************************************
Fatal NI connect error 12203, connecting to:
 (DESCRIPTION=(ADDRESS_LIST=(ADDRESS=(PROTOCOL=BEQ)(PROGRAM=oracle80)(ARGV0=oracle80ORCL)(ARGS='(DESCRIPTION=(LOCAL=YES)(ADDRESS=(PROTOCOL=beq)))')))(CONNECT_DATA=(SID=ORCL)(CID=(PROGRAM=C:\orant\BIN\ifrun60.EXE)(HOST=EYESOFABYSS)(USER=skien))))

  VERSION INFORMATION:
	TNS for 32-bit Windows: Version 8.0.6.3.0 - Production
	Oracle Bequeath NT Protocol Adapter for 32-bit Windows: Version 8.0.6.3.0 - Production
  Time: 11-JUL-2024 20:57:46
  Tracing not turned on.
  Tns error struct:
    nr err code: 12203
    TNS-12203: TNS:não é possível estabelecer conexão com o destino
    ns main err code: 12560
    TNS-12560: TNS:erro do adaptador de protocolo
    ns secondary err code: 0
    nt main err code: 530
    TNS-00530: Erro do adaptador de protocolo
    nt secondary err code: 0
    nt OS err code: 0


***********************************************************************
Fatal NI connect error 12203, connecting to:
 (DESCRIPTION=(ADDRESS_LIST=(ADDRESS=(PROTOCOL=BEQ)(PROGRAM=oracle80)(ARGV0=oracle80ORCL)(ARGS='(DESCRIPTION=(LOCAL=YES)(ADDRESS=(PROTOCOL=beq)))')))(CONNECT_DATA=(SID=ORCL)(CID=(PROGRAM=C:\orant\BIN\ifrun60.EXE)(HOST=EYESOFABYSS)(USER=skien))))

  VERSION INFORMATION:
	TNS for 32-bit Windows: Version 8.0.6.3.0 - Production
	Oracle Bequeath NT Protocol Adapter for 32-bit Windows: Version 8.0.6.3.0 - Production
  Time: 11-JUL-2024 20:57:46
  Tracing not turned on.
  Tns error struct:
    nr err code: 12203
    TNS-12203: TNS:não é possível estabelecer conexão com o destino
    ns main err code: 12560
    TNS-12560: TNS:erro do adaptador de protocolo
    ns secondary err code: 0
    nt main err code: 530
    TNS-00530: Erro do adaptador de protocolo
    nt secondary err code: 0
    nt OS err code: 0


***********************************************************************
Fatal NI connect error 12203, connecting to:
 (DESCRIPTION=(ADDRESS_LIST=(ADDRESS=(PROTOCOL=BEQ)(PROGRAM=oracle80)(ARGV0=oracle80ORCL)(ARGS='(DESCRIPTION=(LOCAL=YES)(ADDRESS=(PROTOCOL=beq)))')))(CONNECT_DATA=(SID=ORCL)(CID=(PROGRAM=C:\orant\BIN\ifrun60.EXE)(HOST=EYESOFABYSS)(USER=skien))))

  VERSION INFORMATION:
	TNS for 32-bit Windows: Version 8.0.6.3.0 - Production
	Oracle Bequeath NT Protocol Adapter for 32-bit Windows: Version 8.0.6.3.0 - Production
  Time: 11-JUL-2024 20:57:46
  Tracing not turned on.
  Tns error struct:
    nr err code: 12203
    TNS-12203: TNS:não é possível estabelecer conexão com o destino
    ns main err code: 12560
    TNS-12560: TNS:erro do adaptador de protocolo
    ns secondary err code: 0
    nt main err code: 530
    TNS-00530: Erro do adaptador de protocolo
    nt secondary err code: 0
    nt OS err code: 0


***********************************************************************
Fatal NI connect error 12203, connecting to:
 (DESCRIPTION=(ADDRESS_LIST=(ADDRESS=(PROTOCOL=BEQ)(PROGRAM=oracle80)(ARGV0=oracle80ORCL)(ARGS='(DESCRIPTION=(LOCAL=YES)(ADDRESS=(PROTOCOL=beq)))')))(CONNECT_DATA=(SID=ORCL)(CID=(PROGRAM=C:\orant\BIN\ifrun60.EXE)(HOST=EYESOFABYSS)(USER=skien))))

  VERSION INFORMATION:
	TNS for 32-bit Windows: Version 8.0.6.3.0 - Production
	Oracle Bequeath NT Protocol Adapter for 32-bit Windows: Version 8.0.6.3.0 - Production
  Time: 11-JUL-2024 20:57:46
  Tracing not turned on.
  Tns error struct:
    nr err code: 12203
    TNS-12203: TNS:não é possível estabelecer conexão com o destino
    ns main err code: 12560
    TNS-12560: TNS:erro do adaptador de protocolo
    ns secondary err code: 0
    nt main err code: 530
    TNS-00530: Erro do adaptador de protocolo
    nt secondary err code: 0
    nt OS err code: 0


***********************************************************************
Fatal NI connect error 12203, connecting to:
 (DESCRIPTION=(ADDRESS_LIST=(ADDRESS=(PROTOCOL=BEQ)(PROGRAM=oracle80)(ARGV0=oracle80ORCL)(ARGS='(DESCRIPTION=(LOCAL=YES)(ADDRESS=(PROTOCOL=beq)))')))(CONNECT_DATA=(SID=ORCL)(CID=(PROGRAM=C:\orant\BIN\ifrun60.EXE)(HOST=EYESOFABYSS)(USER=skien))))

  VERSION INFORMATION:
	TNS for 32-bit Windows: Version 8.0.6.3.0 - Production
	Oracle Bequeath NT Protocol Adapter for 32-bit Windows: Version 8.0.6.3.0 - Production
  Time: 11-JUL-2024 20:57:46
  Tracing not turned on.
  Tns error struct:
    nr err code: 12203
    TNS-12203: TNS:não é possível estabelecer conexão com o destino
    ns main err code: 12560
    TNS-12560: TNS:erro do adaptador de protocolo
    ns secondary err code: 0
    nt main err code: 530
    TNS-00530: Erro do adaptador de protocolo
    nt secondary err code: 0
    nt OS err code: 0


***********************************************************************
Fatal NI connect error 12203, connecting to:
 (DESCRIPTION=(ADDRESS_LIST=(ADDRESS=(PROTOCOL=BEQ)(PROGRAM=oracle80)(ARGV0=oracle80ORCL)(ARGS='(DESCRIPTION=(LOCAL=YES)(ADDRESS=(PROTOCOL=beq)))')))(CONNECT_DATA=(SID=ORCL)(CID=(PROGRAM=C:\orant\BIN\ifrun60.EXE)(HOST=EYESOFABYSS)(USER=skien))))

  VERSION INFORMATION:
	TNS for 32-bit Windows: Version 8.0.6.3.0 - Production
	Oracle Bequeath NT Protocol Adapter for 32-bit Windows: Version 8.0.6.3.0 - Production
  Time: 11-JUL-2024 20:57:46
  Tracing not turned on.
  Tns error struct:
    nr err code: 12203
    TNS-12203: TNS:não é possível estabelecer conexão com o destino
    ns main err code: 12560
    TNS-12560: TNS:erro do adaptador de protocolo
    ns secondary err code: 0
    nt main err code: 530
    TNS-00530: Erro do adaptador de protocolo
    nt secondary err code: 0
    nt OS err code: 0


***********************************************************************
Fatal NI connect error 12203, connecting to:
 (DESCRIPTION=(ADDRESS_LIST=(ADDRESS=(PROTOCOL=BEQ)(PROGRAM=oracle80)(ARGV0=oracle80ORCL)(ARGS='(DESCRIPTION=(LOCAL=YES)(ADDRESS=(PROTOCOL=beq)))')))(CONNECT_DATA=(SID=ORCL)(CID=(PROGRAM=C:\orant\BIN\ifrun60.EXE)(HOST=EYESOFABYSS)(USER=skien))))

  VERSION INFORMATION:
	TNS for 32-bit Windows: Version 8.0.6.3.0 - Production
	Oracle Bequeath NT Protocol Adapter for 32-bit Windows: Version 8.0.6.3.0 - Production
  Time: 11-JUL-2024 20:57:46
  Tracing not turned on.
  Tns error struct:
    nr err code: 12203
    TNS-12203: TNS:não é possível estabelecer conexão com o destino
    ns main err code: 12560
    TNS-12560: TNS:erro do adaptador de protocolo
    ns secondary err code: 0
    nt main err code: 530
    TNS-00530: Erro do adaptador de protocolo
    nt secondary err code: 0
    nt OS err code: 0


***********************************************************************
Fatal NI connect error 12203, connecting to:
 (DESCRIPTION=(ADDRESS_LIST=(ADDRESS=(PROTOCOL=BEQ)(PROGRAM=oracle80)(ARGV0=oracle80ORCL)(ARGS='(DESCRIPTION=(LOCAL=YES)(ADDRESS=(PROTOCOL=beq)))')))(CONNECT_DATA=(SID=ORCL)(CID=(PROGRAM=C:\orant\BIN\ifrun60.EXE)(HOST=EYESOFABYSS)(USER=skien))))

  VERSION INFORMATION:
	TNS for 32-bit Windows: Version 8.0.6.3.0 - Production
	Oracle Bequeath NT Protocol Adapter for 32-bit Windows: Version 8.0.6.3.0 - Production
  Time: 11-JUL-2024 20:57:46
  Tracing not turned on.
  Tns error struct:
    nr err code: 12203
    TNS-12203: TNS:não é possível estabelecer conexão com o destino
    ns main err code: 12560
    TNS-12560: TNS:erro do adaptador de protocolo
    ns secondary err code: 0
    nt main err code: 530
    TNS-00530: Erro do adaptador de protocolo
    nt secondary err code: 0
    nt OS err code: 0


***********************************************************************
Fatal NI connect error 12203, connecting to:
 (DESCRIPTION=(ADDRESS_LIST=(ADDRESS=(PROTOCOL=BEQ)(PROGRAM=oracle80)(ARGV0=oracle80ORCL)(ARGS='(DESCRIPTION=(LOCAL=YES)(ADDRESS=(PROTOCOL=beq)))')))(CONNECT_DATA=(SID=ORCL)(CID=(PROGRAM=C:\orant\BIN\ifrun60.EXE)(HOST=EYESOFABYSS)(USER=skien))))

  VERSION INFORMATION:
	TNS for 32-bit Windows: Version 8.0.6.3.0 - Production
	Oracle Bequeath NT Protocol Adapter for 32-bit Windows: Version 8.0.6.3.0 - Production
  Time: 11-JUL-2024 20:57:46
  Tracing not turned on.
  Tns error struct:
    nr err code: 12203
    TNS-12203: TNS:não é possível estabelecer conexão com o destino
    ns main err code: 12560
    TNS-12560: TNS:erro do adaptador de protocolo
    ns secondary err code: 0
    nt main err code: 530
    TNS-00530: Erro do adaptador de protocolo
    nt secondary err code: 0
    nt OS err code: 0


***********************************************************************
Fatal NI connect error 12203, connecting to:
 (DESCRIPTION=(ADDRESS_LIST=(ADDRESS=(PROTOCOL=BEQ)(PROGRAM=oracle80)(ARGV0=oracle80ORCL)(ARGS='(DESCRIPTION=(LOCAL=YES)(ADDRESS=(PROTOCOL=beq)))')))(CONNECT_DATA=(SID=ORCL)(CID=(PROGRAM=C:\orant\BIN\ifrun60.EXE)(HOST=EYESOFABYSS)(USER=skien))))

  VERSION INFORMATION:
	TNS for 32-bit Windows: Version 8.0.6.3.0 - Production
	Oracle Bequeath NT Protocol Adapter for 32-bit Windows: Version 8.0.6.3.0 - Production
  Time: 11-JUL-2024 20:57:46
  Tracing not turned on.
  Tns error struct:
    nr err code: 12203
    TNS-12203: TNS:não é possível estabelecer conexão com o destino
    ns main err code: 12560
    TNS-12560: TNS:erro do adaptador de protocolo
    ns secondary err code: 0
    nt main err code: 530
    TNS-00530: Erro do adaptador de protocolo
    nt secondary err code: 0
    nt OS err code: 0


***********************************************************************
Fatal NI connect error 12203, connecting to:
 (DESCRIPTION=(ADDRESS_LIST=(ADDRESS=(PROTOCOL=BEQ)(PROGRAM=oracle80)(ARGV0=oracle80ORCL)(ARGS='(DESCRIPTION=(LOCAL=YES)(ADDRESS=(PROTOCOL=beq)))')))(CONNECT_DATA=(SID=ORCL)(CID=(PROGRAM=C:\orant\BIN\ifrun60.EXE)(HOST=EYESOFABYSS)(USER=skien))))

  VERSION INFORMATION:
	TNS for 32-bit Windows: Version 8.0.6.3.0 - Production
	Oracle Bequeath NT Protocol Adapter for 32-bit Windows: Version 8.0.6.3.0 - Production
  Time: 11-JUL-2024 20:57:46
  Tracing not turned on.
  Tns error struct:
    nr err code: 12203
    TNS-12203: TNS:não é possível estabelecer conexão com o destino
    ns main err code: 12560
    TNS-12560: TNS:erro do adaptador de protocolo
    ns secondary err code: 0
    nt main err code: 530
    TNS-00530: Erro do adaptador de protocolo
    nt secondary err code: 0
    nt OS err code: 0


***********************************************************************
Fatal NI connect error 12203, connecting to:
 (DESCRIPTION=(ADDRESS_LIST=(ADDRESS=(PROTOCOL=BEQ)(PROGRAM=oracle80)(ARGV0=oracle80ORCL)(ARGS='(DESCRIPTION=(LOCAL=YES)(ADDRESS=(PROTOCOL=beq)))')))(CONNECT_DATA=(SID=ORCL)(CID=(PROGRAM=C:\orant\BIN\ifrun60.EXE)(HOST=EYESOFABYSS)(USER=skien))))

  VERSION INFORMATION:
	TNS for 32-bit Windows: Version 8.0.6.3.0 - Production
	Oracle Bequeath NT Protocol Adapter for 32-bit Windows: Version 8.0.6.3.0 - Production
  Time: 11-JUL-2024 20:57:46
  Tracing not turned on.
  Tns error struct:
    nr err code: 12203
    TNS-12203: TNS:não é possível estabelecer conexão com o destino
    ns main err code: 12560
    TNS-12560: TNS:erro do adaptador de protocolo
    ns secondary err code: 0
    nt main err code: 530
    TNS-00530: Erro do adaptador de protocolo
    nt secondary err code: 0
    nt OS err code: 0


***********************************************************************
Fatal NI connect error 12203, connecting to:
 (DESCRIPTION=(ADDRESS_LIST=(ADDRESS=(PROTOCOL=BEQ)(PROGRAM=oracle80)(ARGV0=oracle80ORCL)(ARGS='(DESCRIPTION=(LOCAL=YES)(ADDRESS=(PROTOCOL=beq)))')))(CONNECT_DATA=(SID=ORCL)(CID=(PROGRAM=C:\orant\BIN\ifbld60.EXE)(HOST=EYESOFABYSS)(USER=skien))))

  VERSION INFORMATION:
	TNS for 32-bit Windows: Version 8.0.6.3.0 - Production
	Oracle Bequeath NT Protocol Adapter for 32-bit Windows: Version 8.0.6.3.0 - Production
  Time: 12-JUL-2024 15:11:43
  Tracing not turned on.
  Tns error struct:
    nr err code: 12203
    TNS-12203: TNS:não é possível estabelecer conexão com o destino
    ns main err code: 12560
    TNS-12560: TNS:erro do adaptador de protocolo
    ns secondary err code: 0
    nt main err code: 530
    TNS-00530: Erro do adaptador de protocolo
    nt secondary err code: 0
    nt OS err code: 0


***********************************************************************
Fatal NI connect error 12203, connecting to:
 (DESCRIPTION=(ADDRESS=(PROTOCOL=TCP)(HOST=192.168.180.143)(PORT=1521))(CONNECT_DATA=(SID=DESV)(CID=(PROGRAM=C:\orant\BIN\ifbld60.EXE)(HOST=EYESOFABYSS)(USER=skien))))

  VERSION INFORMATION:
	TNS for 32-bit Windows: Version 8.0.6.3.0 - Production
	Windows NT TCP/IP NT Protocol Adapter for 32-bit Windows: Version 8.0.6.0.0 - Production
  Time: 12-JUL-2024 15:12:11
  Tracing not turned on.
  Tns error struct:
    nr err code: 12203
    TNS-12203: TNS:não é possível estabelecer conexão com o destino
    ns main err code: 12535
    TNS-12535: TNS:tempo esgotado para operação
    ns secondary err code: 12560
    nt main err code: 505
    TNS-00505: Operação com tempo de espera
    nt secondary err code: 60
    nt OS err code: 0


***********************************************************************
Fatal NI connect error 12203, connecting to:
 (DESCRIPTION=(ADDRESS_LIST=(ADDRESS=(PROTOCOL=BEQ)(PROGRAM=oracle80)(ARGV0=oracle80ORCL)(ARGS='(DESCRIPTION=(LOCAL=YES)(ADDRESS=(PROTOCOL=beq)))')))(CONNECT_DATA=(SID=ORCL)(CID=(PROGRAM=C:\orant\BIN\ifbld60.EXE)(HOST=EYESOFABYSS)(USER=skien))))

  VERSION INFORMATION:
	TNS for 32-bit Windows: Version 8.0.6.3.0 - Production
	Oracle Bequeath NT Protocol Adapter for 32-bit Windows: Version 8.0.6.3.0 - Production
  Time: 12-JUL-2024 15:16:58
  Tracing not turned on.
  Tns error struct:
    nr err code: 12203
    TNS-12203: TNS:não é possível estabelecer conexão com o destino
    ns main err code: 12560
    TNS-12560: TNS:erro do adaptador de protocolo
    ns secondary err code: 0
    nt main err code: 530
    TNS-00530: Erro do adaptador de protocolo
    nt secondary err code: 0
    nt OS err code: 0


***********************************************************************
Fatal NI connect error 12203, connecting to:
 (DESCRIPTION=(ADDRESS_LIST=(ADDRESS=(PROTOCOL=BEQ)(PROGRAM=oracle80)(ARGV0=oracle80ORCL)(ARGS='(DESCRIPTION=(LOCAL=YES)(ADDRESS=(PROTOCOL=beq)))')))(CONNECT_DATA=(SID=ORCL)(CID=(PROGRAM=C:\orant\BIN\ifbld60.EXE)(HOST=EYESOFABYSS)(USER=skien))))

  VERSION INFORMATION:
	TNS for 32-bit Windows: Version 8.0.6.3.0 - Production
	Oracle Bequeath NT Protocol Adapter for 32-bit Windows: Version 8.0.6.3.0 - Production
  Time: 12-JUL-2024 15:16:58
  Tracing not turned on.
  Tns error struct:
    nr err code: 12203
    TNS-12203: TNS:não é possível estabelecer conexão com o destino
    ns main err code: 12560
    TNS-12560: TNS:erro do adaptador de protocolo
    ns secondary err code: 0
    nt main err code: 530
    TNS-00530: Erro do adaptador de protocolo
    nt secondary err code: 0
    nt OS err code: 0


***********************************************************************
Fatal NI connect error 12203, connecting to:
 (DESCRIPTION=(ADDRESS_LIST=(ADDRESS=(PROTOCOL=BEQ)(PROGRAM=oracle80)(ARGV0=oracle80ORCL)(ARGS='(DESCRIPTION=(LOCAL=YES)(ADDRESS=(PROTOCOL=beq)))')))(CONNECT_DATA=(SID=ORCL)(CID=(PROGRAM=C:\orant\BIN\ifbld60.EXE)(HOST=EYESOFABYSS)(USER=skien))))

  VERSION INFORMATION:
	TNS for 32-bit Windows: Version 8.0.6.3.0 - Production
	Oracle Bequeath NT Protocol Adapter for 32-bit Windows: Version 8.0.6.3.0 - Production
  Time: 12-JUL-2024 15:16:58
  Tracing not turned on.
  Tns error struct:
    nr err code: 12203
    TNS-12203: TNS:não é possível estabelecer conexão com o destino
    ns main err code: 12560
    TNS-12560: TNS:erro do adaptador de protocolo
    ns secondary err code: 0
    nt main err code: 530
    TNS-00530: Erro do adaptador de protocolo
    nt secondary err code: 0
    nt OS err code: 0


***********************************************************************
Fatal NI connect error 12203, connecting to:
 (DESCRIPTION=(ADDRESS_LIST=(ADDRESS=(PROTOCOL=BEQ)(PROGRAM=oracle80)(ARGV0=oracle80ORCL)(ARGS='(DESCRIPTION=(LOCAL=YES)(ADDRESS=(PROTOCOL=beq)))')))(CONNECT_DATA=(SID=ORCL)(CID=(PROGRAM=C:\orant\BIN\ifbld60.EXE)(HOST=EYESOFABYSS)(USER=skien))))

  VERSION INFORMATION:
	TNS for 32-bit Windows: Version 8.0.6.3.0 - Production
	Oracle Bequeath NT Protocol Adapter for 32-bit Windows: Version 8.0.6.3.0 - Production
  Time: 12-JUL-2024 15:17:01
  Tracing not turned on.
  Tns error struct:
    nr err code: 12203
    TNS-12203: TNS:não é possível estabelecer conexão com o destino
    ns main err code: 12560
    TNS-12560: TNS:erro do adaptador de protocolo
    ns secondary err code: 0
    nt main err code: 530
    TNS-00530: Erro do adaptador de protocolo
    nt secondary err code: 0
    nt OS err code: 0


***********************************************************************
Fatal NI connect error 12203, connecting to:
 (DESCRIPTION=(ADDRESS_LIST=(ADDRESS=(PROTOCOL=BEQ)(PROGRAM=oracle80)(ARGV0=oracle80ORCL)(ARGS='(DESCRIPTION=(LOCAL=YES)(ADDRESS=(PROTOCOL=beq)))')))(CONNECT_DATA=(SID=ORCL)(CID=(PROGRAM=C:\orant\BIN\ifbld60.EXE)(HOST=EYESOFABYSS)(USER=skien))))

  VERSION INFORMATION:
	TNS for 32-bit Windows: Version 8.0.6.3.0 - Production
	Oracle Bequeath NT Protocol Adapter for 32-bit Windows: Version 8.0.6.3.0 - Production
  Time: 12-JUL-2024 15:17:01
  Tracing not turned on.
  Tns error struct:
    nr err code: 12203
    TNS-12203: TNS:não é possível estabelecer conexão com o destino
    ns main err code: 12560
    TNS-12560: TNS:erro do adaptador de protocolo
    ns secondary err code: 0
    nt main err code: 530
    TNS-00530: Erro do adaptador de protocolo
    nt secondary err code: 0
    nt OS err code: 0


***********************************************************************
Fatal NI connect error 12203, connecting to:
 (DESCRIPTION=(ADDRESS_LIST=(ADDRESS=(PROTOCOL=BEQ)(PROGRAM=oracle80)(ARGV0=oracle80ORCL)(ARGS='(DESCRIPTION=(LOCAL=YES)(ADDRESS=(PROTOCOL=beq)))')))(CONNECT_DATA=(SID=ORCL)(CID=(PROGRAM=C:\orant\BIN\ifbld60.EXE)(HOST=EYESOFABYSS)(USER=skien))))

  VERSION INFORMATION:
	TNS for 32-bit Windows: Version 8.0.6.3.0 - Production
	Oracle Bequeath NT Protocol Adapter for 32-bit Windows: Version 8.0.6.3.0 - Production
  Time: 12-JUL-2024 15:24:09
  Tracing not turned on.
  Tns error struct:
    nr err code: 12203
    TNS-12203: TNS:não é possível estabelecer conexão com o destino
    ns main err code: 12560
    TNS-12560: TNS:erro do adaptador de protocolo
    ns secondary err code: 0
    nt main err code: 530
    TNS-00530: Erro do adaptador de protocolo
    nt secondary err code: 0
    nt OS err code: 0


***********************************************************************
Fatal NI connect error 12203, connecting to:
 (DESCRIPTION=(ADDRESS_LIST=(ADDRESS=(PROTOCOL=BEQ)(PROGRAM=oracle80)(ARGV0=oracle80ORCL)(ARGS='(DESCRIPTION=(LOCAL=YES)(ADDRESS=(PROTOCOL=beq)))')))(CONNECT_DATA=(SID=ORCL)(CID=(PROGRAM=C:\orant\BIN\ifbld60.EXE)(HOST=EYESOFABYSS)(USER=skien))))

  VERSION INFORMATION:
	TNS for 32-bit Windows: Version 8.0.6.3.0 - Production
	Oracle Bequeath NT Protocol Adapter for 32-bit Windows: Version 8.0.6.3.0 - Production
  Time: 12-JUL-2024 15:24:09
  Tracing not turned on.
  Tns error struct:
    nr err code: 12203
    TNS-12203: TNS:não é possível estabelecer conexão com o destino
    ns main err code: 12560
    TNS-12560: TNS:erro do adaptador de protocolo
    ns secondary err code: 0
    nt main err code: 530
    TNS-00530: Erro do adaptador de protocolo
    nt secondary err code: 0
    nt OS err code: 0


***********************************************************************
Fatal NI connect error 12203, connecting to:
 (DESCRIPTION=(ADDRESS_LIST=(ADDRESS=(PROTOCOL=BEQ)(PROGRAM=oracle80)(ARGV0=oracle80ORCL)(ARGS='(DESCRIPTION=(LOCAL=YES)(ADDRESS=(PROTOCOL=beq)))')))(CONNECT_DATA=(SID=ORCL)(CID=(PROGRAM=C:\orant\BIN\ifbld60.EXE)(HOST=EYESOFABYSS)(USER=skien))))

  VERSION INFORMATION:
	TNS for 32-bit Windows: Version 8.0.6.3.0 - Production
	Oracle Bequeath NT Protocol Adapter for 32-bit Windows: Version 8.0.6.3.0 - Production
  Time: 12-JUL-2024 15:26:46
  Tracing not turned on.
  Tns error struct:
    nr err code: 12203
    TNS-12203: TNS:não é possível estabelecer conexão com o destino
    ns main err code: 12560
    TNS-12560: TNS:erro do adaptador de protocolo
    ns secondary err code: 0
    nt main err code: 530
    TNS-00530: Erro do adaptador de protocolo
    nt secondary err code: 0
    nt OS err code: 0


***********************************************************************
Fatal NI connect error 12203, connecting to:
 (DESCRIPTION=(ADDRESS_LIST=(ADDRESS=(PROTOCOL=BEQ)(PROGRAM=oracle80)(ARGV0=oracle80ORCL)(ARGS='(DESCRIPTION=(LOCAL=YES)(ADDRESS=(PROTOCOL=beq)))')))(CONNECT_DATA=(SID=ORCL)(CID=(PROGRAM=C:\orant\BIN\ifbld60.EXE)(HOST=EYESOFABYSS)(USER=skien))))

  VERSION INFORMATION:
	TNS for 32-bit Windows: Version 8.0.6.3.0 - Production
	Oracle Bequeath NT Protocol Adapter for 32-bit Windows: Version 8.0.6.3.0 - Production
  Time: 12-JUL-2024 15:26:46
  Tracing not turned on.
  Tns error struct:
    nr err code: 12203
    TNS-12203: TNS:não é possível estabelecer conexão com o destino
    ns main err code: 12560
    TNS-12560: TNS:erro do adaptador de protocolo
    ns secondary err code: 0
    nt main err code: 530
    TNS-00530: Erro do adaptador de protocolo
    nt secondary err code: 0
    nt OS err code: 0


***********************************************************************
Fatal NI connect error 12203, connecting to:
 (DESCRIPTION=(ADDRESS_LIST=(ADDRESS=(PROTOCOL=BEQ)(PROGRAM=oracle80)(ARGV0=oracle80ORCL)(ARGS='(DESCRIPTION=(LOCAL=YES)(ADDRESS=(PROTOCOL=beq)))')))(CONNECT_DATA=(SID=ORCL)(CID=(PROGRAM=C:\orant\BIN\ifbld60.EXE)(HOST=EYESOFABYSS)(USER=skien))))

  VERSION INFORMATION:
	TNS for 32-bit Windows: Version 8.0.6.3.0 - Production
	Oracle Bequeath NT Protocol Adapter for 32-bit Windows: Version 8.0.6.3.0 - Production
  Time: 12-JUL-2024 15:26:49
  Tracing not turned on.
  Tns error struct:
    nr err code: 12203
    TNS-12203: TNS:não é possível estabelecer conexão com o destino
    ns main err code: 12560
    TNS-12560: TNS:erro do adaptador de protocolo
    ns secondary err code: 0
    nt main err code: 530
    TNS-00530: Erro do adaptador de protocolo
    nt secondary err code: 0
    nt OS err code: 0


***********************************************************************
Fatal NI connect error 12203, connecting to:
 (DESCRIPTION=(ADDRESS_LIST=(ADDRESS=(PROTOCOL=BEQ)(PROGRAM=oracle80)(ARGV0=oracle80ORCL)(ARGS='(DESCRIPTION=(LOCAL=YES)(ADDRESS=(PROTOCOL=beq)))')))(CONNECT_DATA=(SID=ORCL)(CID=(PROGRAM=C:\orant\BIN\ifbld60.EXE)(HOST=EYESOFABYSS)(USER=skien))))

  VERSION INFORMATION:
	TNS for 32-bit Windows: Version 8.0.6.3.0 - Production
	Oracle Bequeath NT Protocol Adapter for 32-bit Windows: Version 8.0.6.3.0 - Production
  Time: 12-JUL-2024 15:26:49
  Tracing not turned on.
  Tns error struct:
    nr err code: 12203
    TNS-12203: TNS:não é possível estabelecer conexão com o destino
    ns main err code: 12560
    TNS-12560: TNS:erro do adaptador de protocolo
    ns secondary err code: 0
    nt main err code: 530
    TNS-00530: Erro do adaptador de protocolo
    nt secondary err code: 0
    nt OS err code: 0


***********************************************************************
Fatal NI connect error 12203, connecting to:
 (DESCRIPTION=(ADDRESS_LIST=(ADDRESS=(PROTOCOL=BEQ)(PROGRAM=oracle80)(ARGV0=oracle80ORCL)(ARGS='(DESCRIPTION=(LOCAL=YES)(ADDRESS=(PROTOCOL=beq)))')))(CONNECT_DATA=(SID=ORCL)(CID=(PROGRAM=C:\orant\BIN\ifbld60.EXE)(HOST=EYESOFABYSS)(USER=skien))))

  VERSION INFORMATION:
	TNS for 32-bit Windows: Version 8.0.6.3.0 - Production
	Oracle Bequeath NT Protocol Adapter for 32-bit Windows: Version 8.0.6.3.0 - Production
  Time: 12-JUL-2024 15:26:54
  Tracing not turned on.
  Tns error struct:
    nr err code: 12203
    TNS-12203: TNS:não é possível estabelecer conexão com o destino
    ns main err code: 12560
    TNS-12560: TNS:erro do adaptador de protocolo
    ns secondary err code: 0
    nt main err code: 530
    TNS-00530: Erro do adaptador de protocolo
    nt secondary err code: 0
    nt OS err code: 0


***********************************************************************
Fatal NI connect error 12203, connecting to:
 (DESCRIPTION=(ADDRESS_LIST=(ADDRESS=(PROTOCOL=BEQ)(PROGRAM=oracle80)(ARGV0=oracle80ORCL)(ARGS='(DESCRIPTION=(LOCAL=YES)(ADDRESS=(PROTOCOL=beq)))')))(CONNECT_DATA=(SID=ORCL)(CID=(PROGRAM=C:\orant\BIN\ifbld60.EXE)(HOST=EYESOFABYSS)(USER=skien))))

  VERSION INFORMATION:
	TNS for 32-bit Windows: Version 8.0.6.3.0 - Production
	Oracle Bequeath NT Protocol Adapter for 32-bit Windows: Version 8.0.6.3.0 - Production
  Time: 12-JUL-2024 15:26:54
  Tracing not turned on.
  Tns error struct:
    nr err code: 12203
    TNS-12203: TNS:não é possível estabelecer conexão com o destino
    ns main err code: 12560
    TNS-12560: TNS:erro do adaptador de protocolo
    ns secondary err code: 0
    nt main err code: 530
    TNS-00530: Erro do adaptador de protocolo
    nt secondary err code: 0
    nt OS err code: 0


***********************************************************************
Fatal NI connect error 12203, connecting to:
 (DESCRIPTION=(ADDRESS_LIST=(ADDRESS=(PROTOCOL=BEQ)(PROGRAM=oracle80)(ARGV0=oracle80ORCL)(ARGS='(DESCRIPTION=(LOCAL=YES)(ADDRESS=(PROTOCOL=beq)))')))(CONNECT_DATA=(SID=ORCL)(CID=(PROGRAM=C:\orant\BIN\ifbld60.EXE)(HOST=EYESOFABYSS)(USER=skien))))

  VERSION INFORMATION:
	TNS for 32-bit Windows: Version 8.0.6.3.0 - Production
	Oracle Bequeath NT Protocol Adapter for 32-bit Windows: Version 8.0.6.3.0 - Production
  Time: 12-JUL-2024 19:34:37
  Tracing not turned on.
  Tns error struct:
    nr err code: 12203
    TNS-12203: TNS:não é possível estabelecer conexão com o destino
    ns main err code: 12560
    TNS-12560: TNS:erro do adaptador de protocolo
    ns secondary err code: 0
    nt main err code: 530
    TNS-00530: Erro do adaptador de protocolo
    nt secondary err code: 0
    nt OS err code: 0
